#
# There is insufficient memory for the Java Runtime Environment to continue.
# Native memory allocation (malloc) failed to allocate 1614096 bytes for Chunk::new
# Possible reasons:
#   The system is out of physical RAM or swap space
#   The process is running with CompressedOops enabled, and the Java Heap may be blocking the growth of the native heap
# Possible solutions:
#   Reduce memory load on the system
#   Increase physical memory or swap space
#   Check if swap backing store is full
#   Decrease Java heap size (-Xmx/-Xms)
#   Decrease number of Java threads
#   Decrease Java thread stack sizes (-Xss)
#   Set larger code cache with -XX:ReservedCodeCacheSize=
#   JVM is running with Unscaled Compressed Oops mode in which the Java heap is
#     placed in the first 4GB address space. The Java Heap base address is the
#     maximum limit for the native heap growth. Please use -XX:HeapBaseMinAddress
#     to set the Java Heap base and to place the Java Heap above 4GB virtual address.
# This output file may be truncated or incomplete.
#
#  Out of Memory Error (arena.cpp:191), pid=32064, tid=33008
#
# JRE version: OpenJDK Runtime Environment (17.0.10+13) (build 17.0.10+13-LTS)
# Java VM: OpenJDK 64-Bit Server VM (17.0.10+13-LTS, mixed mode, sharing, tiered, compressed oops, compressed class ptrs, g1 gc, windows-amd64)
# No core dump will be written. Minidumps are not enabled by default on client versions of Windows
#

---------------  S U M M A R Y ------------

Command Line: --add-opens=java.base/java.util=ALL-UNNAMED --add-opens=java.base/java.lang=ALL-UNNAMED --add-opens=java.base/java.lang.invoke=ALL-UNNAMED --add-opens=java.prefs/java.util.prefs=ALL-UNNAMED --add-exports=jdk.compiler/com.sun.tools.javac.api=ALL-UNNAMED --add-exports=jdk.compiler/com.sun.tools.javac.util=ALL-UNNAMED --add-opens=java.base/java.nio.charset=ALL-UNNAMED --add-opens=java.base/java.net=ALL-UNNAMED --add-opens=java.base/java.util.concurrent.atomic=ALL-UNNAMED -XX:MaxMetaspaceSize=384m -XX:+HeapDumpOnOutOfMemoryError -Xms256m -Xmx512m -Dfile.encoding=UTF-8 -Duser.country=KR -Duser.language=ko -Duser.variant -javaagent:C:\Users\USER\.gradle\wrapper\dists\gradle-8.10.1-bin\e90i968nv55tch01zkse4avv3\gradle-8.10.1\lib\agents\gradle-instrumentation-agent-8.10.1.jar org.gradle.launcher.daemon.bootstrap.GradleDaemon 8.10.1

Host: Intel(R) Core(TM) i5-8265U CPU @ 1.60GHz, 8 cores, 7G,  Windows 10 , 64 bit Build 19041 (10.0.19041.4597)
Time: Wed Sep 25 14:11:21 2024  Windows 10 , 64 bit Build 19041 (10.0.19041.4597) elapsed time: 21.719581 seconds (0d 0h 0m 21s)

---------------  T H R E A D  ---------------

Current thread (0x000001ccedf7fd50):  JavaThread "C2 CompilerThread1" daemon [_thread_in_native, id=33008, stack(0x0000001683900000,0x0000001683a00000)]


Current CompileTask:
C2:  21719 4686       4       java.lang.String::split (327 bytes)

Stack: [0x0000001683900000,0x0000001683a00000]
Native frames: (J=compiled Java code, j=interpreted, Vv=VM code, C=native code)
V  [jvm.dll+0x67c489]
V  [jvm.dll+0x8329f8]
V  [jvm.dll+0x8344be]
V  [jvm.dll+0x834b23]
V  [jvm.dll+0x24805f]
V  [jvm.dll+0xac324]
V  [jvm.dll+0xac97c]
V  [jvm.dll+0x36560f]
V  [jvm.dll+0x32fdc8]
V  [jvm.dll+0x32f25a]
V  [jvm.dll+0x21a17f]
V  [jvm.dll+0x2195b1]
V  [jvm.dll+0x1a5360]
V  [jvm.dll+0x22941d]
V  [jvm.dll+0x2275db]
V  [jvm.dll+0x7e7da8]
V  [jvm.dll+0x7e218a]
V  [jvm.dll+0x67b375]
C  [ucrtbase.dll+0x21bb2]
C  [KERNEL32.DLL+0x17374]
C  [ntdll.dll+0x4cc91]


---------------  P R O C E S S  ---------------

Threads class SMR info:
_java_thread_list=0x000001cceebd14a0, length=42, elements={
0x000001ccb4b71390, 0x000001ccd1622330, 0x000001ccd16244d0, 0x000001ccd163a170,
0x000001ccd163db60, 0x000001ccd1641850, 0x000001ccd1643060, 0x000001ccd1648150,
0x000001ccd16492b0, 0x000001ccd1655ff0, 0x000001ccd17b9ac0, 0x000001ccd1905f50,
0x000001ccebedeec0, 0x000001ccebedf8e0, 0x000001ccebedc130, 0x000001ccebedc640,
0x000001ccebede9b0, 0x000001ccebede4a0, 0x000001ccebeddf90, 0x000001ccebedcb50,
0x000001ccebedd060, 0x000001ccebedd570, 0x000001ccec1d6f20, 0x000001ccec1d5ae0,
0x000001ccec1d6500, 0x000001ccec1d8870, 0x000001ccec1d6a10, 0x000001ccec1d55d0,
0x000001ccec1d7430, 0x000001ccec1d8d80, 0x000001ccec1d7e50, 0x000001ccec1d8360,
0x000001ccebdf0250, 0x000001ccebdf0760, 0x000001ccebdecaa0, 0x000001ccebdec080,
0x000001ccebdf1690, 0x000001ccebdf25c0, 0x000001ccebdf2fe0, 0x000001ccebdee900,
0x000001ccebdec590, 0x000001ccedf7fd50
}

Java Threads: ( => current thread )
  0x000001ccb4b71390 JavaThread "main" [_thread_blocked, id=20040, stack(0x0000001680300000,0x0000001680400000)]
  0x000001ccd1622330 JavaThread "Reference Handler" daemon [_thread_blocked, id=33616, stack(0x0000001680a00000,0x0000001680b00000)]
  0x000001ccd16244d0 JavaThread "Finalizer" daemon [_thread_blocked, id=25468, stack(0x0000001680b00000,0x0000001680c00000)]
  0x000001ccd163a170 JavaThread "Signal Dispatcher" daemon [_thread_blocked, id=30536, stack(0x0000001680c00000,0x0000001680d00000)]
  0x000001ccd163db60 JavaThread "Attach Listener" daemon [_thread_blocked, id=29372, stack(0x0000001680d00000,0x0000001680e00000)]
  0x000001ccd1641850 JavaThread "Service Thread" daemon [_thread_blocked, id=31720, stack(0x0000001680e00000,0x0000001680f00000)]
  0x000001ccd1643060 JavaThread "Monitor Deflation Thread" daemon [_thread_blocked, id=21156, stack(0x0000001680f00000,0x0000001681000000)]
  0x000001ccd1648150 JavaThread "C2 CompilerThread0" daemon [_thread_in_native, id=23072, stack(0x0000001681000000,0x0000001681100000)]
  0x000001ccd16492b0 JavaThread "C1 CompilerThread0" daemon [_thread_blocked, id=30336, stack(0x0000001681100000,0x0000001681200000)]
  0x000001ccd1655ff0 JavaThread "Sweeper thread" daemon [_thread_blocked, id=20708, stack(0x0000001681200000,0x0000001681300000)]
  0x000001ccd17b9ac0 JavaThread "Common-Cleaner" daemon [_thread_blocked, id=29000, stack(0x0000001681300000,0x0000001681400000)]
  0x000001ccd1905f50 JavaThread "Notification Thread" daemon [_thread_blocked, id=22864, stack(0x0000001681400000,0x0000001681500000)]
  0x000001ccebedeec0 JavaThread "Daemon health stats" [_thread_blocked, id=17308, stack(0x0000001681700000,0x0000001681800000)]
  0x000001ccebedf8e0 JavaThread "Incoming local TCP Connector on port 50806" [_thread_in_native, id=29336, stack(0x0000001681600000,0x0000001681700000)]
  0x000001ccebedc130 JavaThread "Daemon periodic checks" [_thread_blocked, id=19136, stack(0x0000001681d00000,0x0000001681e00000)]
  0x000001ccebedc640 JavaThread "Daemon" [_thread_blocked, id=31096, stack(0x0000001682000000,0x0000001682100000)]
  0x000001ccebede9b0 JavaThread "Handler for socket connection from /127.0.0.1:50806 to /127.0.0.1:50808" [_thread_in_native, id=30524, stack(0x0000001682100000,0x0000001682200000)]
  0x000001ccebede4a0 JavaThread "Cancel handler" [_thread_blocked, id=22140, stack(0x0000001681e00000,0x0000001681f00000)]
  0x000001ccebeddf90 JavaThread "Daemon worker" [_thread_in_Java, id=25956, stack(0x0000001681f00000,0x0000001682000000)]
  0x000001ccebedcb50 JavaThread "Asynchronous log dispatcher for DefaultDaemonConnection: socket connection from /127.0.0.1:50806 to /127.0.0.1:50808" [_thread_blocked, id=2464, stack(0x0000001682200000,0x0000001682300000)]
  0x000001ccebedd060 JavaThread "Stdin handler" [_thread_blocked, id=33604, stack(0x0000001682300000,0x0000001682400000)]
  0x000001ccebedd570 JavaThread "Daemon client event forwarder" [_thread_blocked, id=22024, stack(0x0000001682400000,0x0000001682500000)]
  0x000001ccec1d6f20 JavaThread "Cache worker for journal cache (C:\Users\USER\.gradle\caches\journal-1)" [_thread_blocked, id=19336, stack(0x0000001682500000,0x0000001682600000)]
  0x000001ccec1d5ae0 JavaThread "File lock request listener" [_thread_in_native, id=14380, stack(0x0000001682600000,0x0000001682700000)]
  0x000001ccec1d6500 JavaThread "Cache worker for file hash cache (C:\Users\USER\.gradle\caches\8.10.1\fileHashes)" [_thread_blocked, id=19560, stack(0x0000001682800000,0x0000001682900000)]
  0x000001ccec1d8870 JavaThread "Cache worker for file hash cache (D:\dietManager\.gradle\8.10.1\fileHashes)" [_thread_blocked, id=25564, stack(0x0000001682900000,0x0000001682a00000)]
  0x000001ccec1d6a10 JavaThread "Cache worker for Build Output Cleanup Cache (D:\dietManager\.gradle\buildOutputCleanup)" [_thread_blocked, id=31264, stack(0x0000001682a00000,0x0000001682b00000)]
  0x000001ccec1d55d0 JavaThread "File watcher server" daemon [_thread_in_native, id=29908, stack(0x0000001682f00000,0x0000001683000000)]
  0x000001ccec1d7430 JavaThread "File watcher consumer" daemon [_thread_blocked, id=31276, stack(0x0000001683000000,0x0000001683100000)]
  0x000001ccec1d8d80 JavaThread "Cache worker for checksums cache (D:\dietManager\.gradle\8.10.1\checksums)" [_thread_blocked, id=30364, stack(0x0000001683100000,0x0000001683200000)]
  0x000001ccec1d7e50 JavaThread "Cache worker for file content cache (C:\Users\USER\.gradle\caches\8.10.1\fileContent)" [_thread_blocked, id=33352, stack(0x0000001683200000,0x0000001683300000)]
  0x000001ccec1d8360 JavaThread "Cache worker for cache directory md-rule (C:\Users\USER\.gradle\caches\8.10.1\md-rule)" [_thread_blocked, id=30188, stack(0x0000001683300000,0x0000001683400000)]
  0x000001ccebdf0250 JavaThread "Cache worker for cache directory md-supplier (C:\Users\USER\.gradle\caches\8.10.1\md-supplier)" [_thread_blocked, id=33764, stack(0x0000001683400000,0x0000001683500000)]
  0x000001ccebdf0760 JavaThread "jar transforms" [_thread_blocked, id=33192, stack(0x0000001682e00000,0x0000001682f00000)]
  0x000001ccebdecaa0 JavaThread "jar transforms Thread 2" [_thread_blocked, id=27228, stack(0x0000001683500000,0x0000001683600000)]
  0x000001ccebdec080 JavaThread "jar transforms Thread 3" [_thread_blocked, id=28556, stack(0x0000001683600000,0x0000001683700000)]
  0x000001ccebdf1690 JavaThread "jar transforms Thread 4" [_thread_blocked, id=24876, stack(0x0000001683700000,0x0000001683800000)]
  0x000001ccebdf25c0 JavaThread "jar transforms Thread 5" [_thread_blocked, id=31020, stack(0x0000001682700000,0x0000001682800000)]
  0x000001ccebdf2fe0 JavaThread "jar transforms Thread 6" [_thread_blocked, id=14656, stack(0x0000001683800000,0x0000001683900000)]
  0x000001ccebdee900 JavaThread "jar transforms Thread 7" [_thread_blocked, id=32408, stack(0x0000001683a00000,0x0000001683b00000)]
  0x000001ccebdec590 JavaThread "jar transforms Thread 8" [_thread_blocked, id=30768, stack(0x0000001683b00000,0x0000001683c00000)]
=>0x000001ccedf7fd50 JavaThread "C2 CompilerThread1" daemon [_thread_in_native, id=33008, stack(0x0000001683900000,0x0000001683a00000)]

Other Threads:
  0x000001ccd161f080 VMThread "VM Thread" [stack: 0x0000001680900000,0x0000001680a00000] [id=30612]
  0x000001ccd18abb30 WatcherThread [stack: 0x0000001681500000,0x0000001681600000] [id=28584]
  0x000001ccb4b9ec00 GCTaskThread "GC Thread#0" [stack: 0x0000001680400000,0x0000001680500000] [id=26848]
  0x000001cceb164740 GCTaskThread "GC Thread#1" [stack: 0x0000001681800000,0x0000001681900000] [id=13124]
  0x000001cceb181530 GCTaskThread "GC Thread#2" [stack: 0x0000001681900000,0x0000001681a00000] [id=14100]
  0x000001cceb1817f0 GCTaskThread "GC Thread#3" [stack: 0x0000001681a00000,0x0000001681b00000] [id=25004]
  0x000001cceb6fd880 GCTaskThread "GC Thread#4" [stack: 0x0000001681b00000,0x0000001681c00000] [id=9276]
  0x000001cceb6fdb40 GCTaskThread "GC Thread#5" [stack: 0x0000001681c00000,0x0000001681d00000] [id=12364]
  0x000001ccedb900c0 GCTaskThread "GC Thread#6" [stack: 0x0000001682b00000,0x0000001682c00000] [id=10328]
  0x000001cceda5c440 GCTaskThread "GC Thread#7" [stack: 0x0000001682c00000,0x0000001682d00000] [id=29100]
  0x000001ccb4ba3a60 ConcurrentGCThread "G1 Main Marker" [stack: 0x0000001680500000,0x0000001680600000] [id=22948]
  0x000001ccb4ba53a0 ConcurrentGCThread "G1 Conc#0" [stack: 0x0000001680600000,0x0000001680700000] [id=26380]
  0x000001ccecc7fbe0 ConcurrentGCThread "G1 Conc#1" [stack: 0x0000001682d00000,0x0000001682e00000] [id=32292]
  0x000001ccb4c2e2e0 ConcurrentGCThread "G1 Refine#0" [stack: 0x0000001680700000,0x0000001680800000] [id=24916]
  0x000001ccb4c2ec20 ConcurrentGCThread "G1 Service" [stack: 0x0000001680800000,0x0000001680900000] [id=18472]

Threads with active compile tasks:
C2 CompilerThread1    21819 4686       4       java.lang.String::split (327 bytes)

VM state: not at safepoint (normal execution)

VM Mutex/Monitor currently owned by a thread: None

Heap address: 0x00000000e0000000, size: 512 MB, Compressed Oops mode: 32-bit

CDS archive(s) mapped at: [0x000001ccd2000000-0x000001ccd2bb0000-0x000001ccd2bb0000), size 12255232, SharedBaseAddress: 0x000001ccd2000000, ArchiveRelocationMode: 1.
Compressed class space mapped at: 0x000001ccd3000000-0x000001cce7000000, reserved size: 335544320
Narrow klass base: 0x000001ccd2000000, Narrow klass shift: 0, Narrow klass range: 0x100000000

GC Precious Log:
 CPUs: 8 total, 8 available
 Memory: 7986M
 Large Page Support: Disabled
 NUMA Support: Disabled
 Compressed Oops: Enabled (32-bit)
 Heap Region Size: 1M
 Heap Min Capacity: 256M
 Heap Initial Capacity: 256M
 Heap Max Capacity: 512M
 Pre-touch: Disabled
 Parallel Workers: 8
 Concurrent Workers: 2
 Concurrent Refinement Workers: 8
 Periodic GC: Disabled

Heap:
 garbage-first heap   total 262144K, used 106420K [0x00000000e0000000, 0x0000000100000000)
  region size 1024K, 87 young (89088K), 16 survivors (16384K)
 Metaspace       used 43562K, committed 44032K, reserved 393216K
  class space    used 6127K, committed 6336K, reserved 327680K

Heap Regions: E=young(eden), S=young(survivor), O=old, HS=humongous(starts), HC=humongous(continues), CS=collection set, F=free, OA=open archive, CA=closed archive, TAMS=top-at-mark-start (previous, next)
|   0|0x00000000e0000000, 0x00000000e0100000, 0x00000000e0100000|100%| O|  |TAMS 0x00000000e0100000, 0x00000000e0000000| Untracked 
|   1|0x00000000e0100000, 0x00000000e0200000, 0x00000000e0200000|100%| O|  |TAMS 0x00000000e0200000, 0x00000000e0100000| Untracked 
|   2|0x00000000e0200000, 0x00000000e0300000, 0x00000000e0300000|100%|HS|  |TAMS 0x00000000e0300000, 0x00000000e0200000| Complete 
|   3|0x00000000e0300000, 0x00000000e0400000, 0x00000000e0400000|100%|HC|  |TAMS 0x00000000e0400000, 0x00000000e0300000| Complete 
|   4|0x00000000e0400000, 0x00000000e0500000, 0x00000000e0500000|100%|HC|  |TAMS 0x00000000e0500000, 0x00000000e0400000| Complete 
|   5|0x00000000e0500000, 0x00000000e0600000, 0x00000000e0600000|100%|HC|  |TAMS 0x00000000e0600000, 0x00000000e0500000| Complete 
|   6|0x00000000e0600000, 0x00000000e0700000, 0x00000000e0700000|100%| O|  |TAMS 0x00000000e0700000, 0x00000000e0600000| Untracked 
|   7|0x00000000e0700000, 0x00000000e0800000, 0x00000000e0800000|100%| O|  |TAMS 0x00000000e0800000, 0x00000000e0700000| Untracked 
|   8|0x00000000e0800000, 0x00000000e0900000, 0x00000000e0900000|100%| O|  |TAMS 0x00000000e0900000, 0x00000000e0800000| Untracked 
|   9|0x00000000e0900000, 0x00000000e0a00000, 0x00000000e0a00000|100%|HS|  |TAMS 0x00000000e0a00000, 0x00000000e0900000| Complete 
|  10|0x00000000e0a00000, 0x00000000e0b00000, 0x00000000e0b00000|100%|HS|  |TAMS 0x00000000e0a00000, 0x00000000e0a00000| Complete 
|  11|0x00000000e0b00000, 0x00000000e0c00000, 0x00000000e0c00000|100%| O|  |TAMS 0x00000000e0c00000, 0x00000000e0b00000| Untracked 
|  12|0x00000000e0c00000, 0x00000000e0d00000, 0x00000000e0d00000|100%| O|  |TAMS 0x00000000e0d00000, 0x00000000e0c00000| Untracked 
|  13|0x00000000e0d00000, 0x00000000e0e00000, 0x00000000e0e00000|100%| O|  |TAMS 0x00000000e0e00000, 0x00000000e0d00000| Untracked 
|  14|0x00000000e0e00000, 0x00000000e0f00000, 0x00000000e0f00000|100%| O|  |TAMS 0x00000000e0e14600, 0x00000000e0e00000| Untracked 
|  15|0x00000000e0f00000, 0x00000000e1000000, 0x00000000e1000000|100%|HS|  |TAMS 0x00000000e0f00000, 0x00000000e0f00000| Complete 
|  16|0x00000000e1000000, 0x00000000e1000000, 0x00000000e1100000|  0%| F|  |TAMS 0x00000000e1000000, 0x00000000e1000000| Untracked 
|  17|0x00000000e1100000, 0x00000000e1100000, 0x00000000e1200000|  0%| F|  |TAMS 0x00000000e1100000, 0x00000000e1100000| Untracked 
|  18|0x00000000e1200000, 0x00000000e1200000, 0x00000000e1300000|  0%| F|  |TAMS 0x00000000e1200000, 0x00000000e1200000| Untracked 
|  19|0x00000000e1300000, 0x00000000e1400000, 0x00000000e1400000|100%| O|  |TAMS 0x00000000e1300000, 0x00000000e1300000| Untracked 
|  20|0x00000000e1400000, 0x00000000e1500000, 0x00000000e1500000|100%| O|  |TAMS 0x00000000e1400000, 0x00000000e1400000| Untracked 
|  21|0x00000000e1500000, 0x00000000e1600000, 0x00000000e1600000|100%| O|  |TAMS 0x00000000e1500000, 0x00000000e1500000| Untracked 
|  22|0x00000000e1600000, 0x00000000e1647600, 0x00000000e1700000| 27%| O|  |TAMS 0x00000000e1600000, 0x00000000e1600000| Untracked 
|  23|0x00000000e1700000, 0x00000000e1700000, 0x00000000e1800000|  0%| F|  |TAMS 0x00000000e1700000, 0x00000000e1700000| Untracked 
|  24|0x00000000e1800000, 0x00000000e1800000, 0x00000000e1900000|  0%| F|  |TAMS 0x00000000e1800000, 0x00000000e1800000| Untracked 
|  25|0x00000000e1900000, 0x00000000e1900000, 0x00000000e1a00000|  0%| F|  |TAMS 0x00000000e1900000, 0x00000000e1900000| Untracked 
|  26|0x00000000e1a00000, 0x00000000e1a00000, 0x00000000e1b00000|  0%| F|  |TAMS 0x00000000e1a00000, 0x00000000e1a00000| Untracked 
|  27|0x00000000e1b00000, 0x00000000e1b00000, 0x00000000e1c00000|  0%| F|  |TAMS 0x00000000e1b00000, 0x00000000e1b00000| Untracked 
|  28|0x00000000e1c00000, 0x00000000e1c00000, 0x00000000e1d00000|  0%| F|  |TAMS 0x00000000e1c00000, 0x00000000e1c00000| Untracked 
|  29|0x00000000e1d00000, 0x00000000e1d00000, 0x00000000e1e00000|  0%| F|  |TAMS 0x00000000e1d00000, 0x00000000e1d00000| Untracked 
|  30|0x00000000e1e00000, 0x00000000e1e00000, 0x00000000e1f00000|  0%| F|  |TAMS 0x00000000e1e00000, 0x00000000e1e00000| Untracked 
|  31|0x00000000e1f00000, 0x00000000e1f00000, 0x00000000e2000000|  0%| F|  |TAMS 0x00000000e1f00000, 0x00000000e1f00000| Untracked 
|  32|0x00000000e2000000, 0x00000000e2000000, 0x00000000e2100000|  0%| F|  |TAMS 0x00000000e2000000, 0x00000000e2000000| Untracked 
|  33|0x00000000e2100000, 0x00000000e2100000, 0x00000000e2200000|  0%| F|  |TAMS 0x00000000e2100000, 0x00000000e2100000| Untracked 
|  34|0x00000000e2200000, 0x00000000e2200000, 0x00000000e2300000|  0%| F|  |TAMS 0x00000000e2200000, 0x00000000e2200000| Untracked 
|  35|0x00000000e2300000, 0x00000000e2300000, 0x00000000e2400000|  0%| F|  |TAMS 0x00000000e2300000, 0x00000000e2300000| Untracked 
|  36|0x00000000e2400000, 0x00000000e2400000, 0x00000000e2500000|  0%| F|  |TAMS 0x00000000e2400000, 0x00000000e2400000| Untracked 
|  37|0x00000000e2500000, 0x00000000e2500000, 0x00000000e2600000|  0%| F|  |TAMS 0x00000000e2500000, 0x00000000e2500000| Untracked 
|  38|0x00000000e2600000, 0x00000000e2600000, 0x00000000e2700000|  0%| F|  |TAMS 0x00000000e2600000, 0x00000000e2600000| Untracked 
|  39|0x00000000e2700000, 0x00000000e2700000, 0x00000000e2800000|  0%| F|  |TAMS 0x00000000e2700000, 0x00000000e2700000| Untracked 
|  40|0x00000000e2800000, 0x00000000e2800000, 0x00000000e2900000|  0%| F|  |TAMS 0x00000000e2800000, 0x00000000e2800000| Untracked 
|  41|0x00000000e2900000, 0x00000000e2900000, 0x00000000e2a00000|  0%| F|  |TAMS 0x00000000e2900000, 0x00000000e2900000| Untracked 
|  42|0x00000000e2a00000, 0x00000000e2a00000, 0x00000000e2b00000|  0%| F|  |TAMS 0x00000000e2a00000, 0x00000000e2a00000| Untracked 
|  43|0x00000000e2b00000, 0x00000000e2b00000, 0x00000000e2c00000|  0%| F|  |TAMS 0x00000000e2b00000, 0x00000000e2b00000| Untracked 
|  44|0x00000000e2c00000, 0x00000000e2c00000, 0x00000000e2d00000|  0%| F|  |TAMS 0x00000000e2c00000, 0x00000000e2c00000| Untracked 
|  45|0x00000000e2d00000, 0x00000000e2d00000, 0x00000000e2e00000|  0%| F|  |TAMS 0x00000000e2d00000, 0x00000000e2d00000| Untracked 
|  46|0x00000000e2e00000, 0x00000000e2e00000, 0x00000000e2f00000|  0%| F|  |TAMS 0x00000000e2e00000, 0x00000000e2e00000| Untracked 
|  47|0x00000000e2f00000, 0x00000000e2f00000, 0x00000000e3000000|  0%| F|  |TAMS 0x00000000e2f00000, 0x00000000e2f00000| Untracked 
|  48|0x00000000e3000000, 0x00000000e3000000, 0x00000000e3100000|  0%| F|  |TAMS 0x00000000e3000000, 0x00000000e3000000| Untracked 
|  49|0x00000000e3100000, 0x00000000e3100000, 0x00000000e3200000|  0%| F|  |TAMS 0x00000000e3100000, 0x00000000e3100000| Untracked 
|  50|0x00000000e3200000, 0x00000000e3200000, 0x00000000e3300000|  0%| F|  |TAMS 0x00000000e3200000, 0x00000000e3200000| Untracked 
|  51|0x00000000e3300000, 0x00000000e3300000, 0x00000000e3400000|  0%| F|  |TAMS 0x00000000e3300000, 0x00000000e3300000| Untracked 
|  52|0x00000000e3400000, 0x00000000e3400000, 0x00000000e3500000|  0%| F|  |TAMS 0x00000000e3400000, 0x00000000e3400000| Untracked 
|  53|0x00000000e3500000, 0x00000000e3500000, 0x00000000e3600000|  0%| F|  |TAMS 0x00000000e3500000, 0x00000000e3500000| Untracked 
|  54|0x00000000e3600000, 0x00000000e3600000, 0x00000000e3700000|  0%| F|  |TAMS 0x00000000e3600000, 0x00000000e3600000| Untracked 
|  55|0x00000000e3700000, 0x00000000e3700000, 0x00000000e3800000|  0%| F|  |TAMS 0x00000000e3700000, 0x00000000e3700000| Untracked 
|  56|0x00000000e3800000, 0x00000000e3800000, 0x00000000e3900000|  0%| F|  |TAMS 0x00000000e3800000, 0x00000000e3800000| Untracked 
|  57|0x00000000e3900000, 0x00000000e3900000, 0x00000000e3a00000|  0%| F|  |TAMS 0x00000000e3900000, 0x00000000e3900000| Untracked 
|  58|0x00000000e3a00000, 0x00000000e3a00000, 0x00000000e3b00000|  0%| F|  |TAMS 0x00000000e3a00000, 0x00000000e3a00000| Untracked 
|  59|0x00000000e3b00000, 0x00000000e3b00000, 0x00000000e3c00000|  0%| F|  |TAMS 0x00000000e3b00000, 0x00000000e3b00000| Untracked 
|  60|0x00000000e3c00000, 0x00000000e3c00000, 0x00000000e3d00000|  0%| F|  |TAMS 0x00000000e3c00000, 0x00000000e3c00000| Untracked 
|  61|0x00000000e3d00000, 0x00000000e3d00000, 0x00000000e3e00000|  0%| F|  |TAMS 0x00000000e3d00000, 0x00000000e3d00000| Untracked 
|  62|0x00000000e3e00000, 0x00000000e3e00000, 0x00000000e3f00000|  0%| F|  |TAMS 0x00000000e3e00000, 0x00000000e3e00000| Untracked 
|  63|0x00000000e3f00000, 0x00000000e3f00000, 0x00000000e4000000|  0%| F|  |TAMS 0x00000000e3f00000, 0x00000000e3f00000| Untracked 
|  64|0x00000000e4000000, 0x00000000e4000000, 0x00000000e4100000|  0%| F|  |TAMS 0x00000000e4000000, 0x00000000e4000000| Untracked 
|  65|0x00000000e4100000, 0x00000000e4100000, 0x00000000e4200000|  0%| F|  |TAMS 0x00000000e4100000, 0x00000000e4100000| Untracked 
|  66|0x00000000e4200000, 0x00000000e4200000, 0x00000000e4300000|  0%| F|  |TAMS 0x00000000e4200000, 0x00000000e4200000| Untracked 
|  67|0x00000000e4300000, 0x00000000e4300000, 0x00000000e4400000|  0%| F|  |TAMS 0x00000000e4300000, 0x00000000e4300000| Untracked 
|  68|0x00000000e4400000, 0x00000000e4400000, 0x00000000e4500000|  0%| F|  |TAMS 0x00000000e4400000, 0x00000000e4400000| Untracked 
|  69|0x00000000e4500000, 0x00000000e4500000, 0x00000000e4600000|  0%| F|  |TAMS 0x00000000e4500000, 0x00000000e4500000| Untracked 
|  70|0x00000000e4600000, 0x00000000e4600000, 0x00000000e4700000|  0%| F|  |TAMS 0x00000000e4600000, 0x00000000e4600000| Untracked 
|  71|0x00000000e4700000, 0x00000000e4700000, 0x00000000e4800000|  0%| F|  |TAMS 0x00000000e4700000, 0x00000000e4700000| Untracked 
|  72|0x00000000e4800000, 0x00000000e4800000, 0x00000000e4900000|  0%| F|  |TAMS 0x00000000e4800000, 0x00000000e4800000| Untracked 
|  73|0x00000000e4900000, 0x00000000e4900000, 0x00000000e4a00000|  0%| F|  |TAMS 0x00000000e4900000, 0x00000000e4900000| Untracked 
|  74|0x00000000e4a00000, 0x00000000e4a00000, 0x00000000e4b00000|  0%| F|  |TAMS 0x00000000e4a00000, 0x00000000e4a00000| Untracked 
|  75|0x00000000e4b00000, 0x00000000e4b00000, 0x00000000e4c00000|  0%| F|  |TAMS 0x00000000e4b00000, 0x00000000e4b00000| Untracked 
|  76|0x00000000e4c00000, 0x00000000e4c00000, 0x00000000e4d00000|  0%| F|  |TAMS 0x00000000e4c00000, 0x00000000e4c00000| Untracked 
|  77|0x00000000e4d00000, 0x00000000e4d00000, 0x00000000e4e00000|  0%| F|  |TAMS 0x00000000e4d00000, 0x00000000e4d00000| Untracked 
|  78|0x00000000e4e00000, 0x00000000e4e00000, 0x00000000e4f00000|  0%| F|  |TAMS 0x00000000e4e00000, 0x00000000e4e00000| Untracked 
|  79|0x00000000e4f00000, 0x00000000e4f00000, 0x00000000e5000000|  0%| F|  |TAMS 0x00000000e4f00000, 0x00000000e4f00000| Untracked 
|  80|0x00000000e5000000, 0x00000000e5000000, 0x00000000e5100000|  0%| F|  |TAMS 0x00000000e5000000, 0x00000000e5000000| Untracked 
|  81|0x00000000e5100000, 0x00000000e5100000, 0x00000000e5200000|  0%| F|  |TAMS 0x00000000e5100000, 0x00000000e5100000| Untracked 
|  82|0x00000000e5200000, 0x00000000e5200000, 0x00000000e5300000|  0%| F|  |TAMS 0x00000000e5200000, 0x00000000e5200000| Untracked 
|  83|0x00000000e5300000, 0x00000000e5300000, 0x00000000e5400000|  0%| F|  |TAMS 0x00000000e5300000, 0x00000000e5300000| Untracked 
|  84|0x00000000e5400000, 0x00000000e5400000, 0x00000000e5500000|  0%| F|  |TAMS 0x00000000e5400000, 0x00000000e5400000| Untracked 
|  85|0x00000000e5500000, 0x00000000e5500000, 0x00000000e5600000|  0%| F|  |TAMS 0x00000000e5500000, 0x00000000e5500000| Untracked 
|  86|0x00000000e5600000, 0x00000000e5600000, 0x00000000e5700000|  0%| F|  |TAMS 0x00000000e5600000, 0x00000000e5600000| Untracked 
|  87|0x00000000e5700000, 0x00000000e5700000, 0x00000000e5800000|  0%| F|  |TAMS 0x00000000e5700000, 0x00000000e5700000| Untracked 
|  88|0x00000000e5800000, 0x00000000e5800000, 0x00000000e5900000|  0%| F|  |TAMS 0x00000000e5800000, 0x00000000e5800000| Untracked 
|  89|0x00000000e5900000, 0x00000000e5900000, 0x00000000e5a00000|  0%| F|  |TAMS 0x00000000e5900000, 0x00000000e5900000| Untracked 
|  90|0x00000000e5a00000, 0x00000000e5a00000, 0x00000000e5b00000|  0%| F|  |TAMS 0x00000000e5a00000, 0x00000000e5a00000| Untracked 
|  91|0x00000000e5b00000, 0x00000000e5b00000, 0x00000000e5c00000|  0%| F|  |TAMS 0x00000000e5b00000, 0x00000000e5b00000| Untracked 
|  92|0x00000000e5c00000, 0x00000000e5c00000, 0x00000000e5d00000|  0%| F|  |TAMS 0x00000000e5c00000, 0x00000000e5c00000| Untracked 
|  93|0x00000000e5d00000, 0x00000000e5d00000, 0x00000000e5e00000|  0%| F|  |TAMS 0x00000000e5d00000, 0x00000000e5d00000| Untracked 
|  94|0x00000000e5e00000, 0x00000000e5e00000, 0x00000000e5f00000|  0%| F|  |TAMS 0x00000000e5e00000, 0x00000000e5e00000| Untracked 
|  95|0x00000000e5f00000, 0x00000000e5f00000, 0x00000000e6000000|  0%| F|  |TAMS 0x00000000e5f00000, 0x00000000e5f00000| Untracked 
|  96|0x00000000e6000000, 0x00000000e6000000, 0x00000000e6100000|  0%| F|  |TAMS 0x00000000e6000000, 0x00000000e6000000| Untracked 
|  97|0x00000000e6100000, 0x00000000e6100000, 0x00000000e6200000|  0%| F|  |TAMS 0x00000000e6100000, 0x00000000e6100000| Untracked 
|  98|0x00000000e6200000, 0x00000000e6200000, 0x00000000e6300000|  0%| F|  |TAMS 0x00000000e6200000, 0x00000000e6200000| Untracked 
|  99|0x00000000e6300000, 0x00000000e6300000, 0x00000000e6400000|  0%| F|  |TAMS 0x00000000e6300000, 0x00000000e6300000| Untracked 
| 100|0x00000000e6400000, 0x00000000e6400000, 0x00000000e6500000|  0%| F|  |TAMS 0x00000000e6400000, 0x00000000e6400000| Untracked 
| 101|0x00000000e6500000, 0x00000000e6500000, 0x00000000e6600000|  0%| F|  |TAMS 0x00000000e6500000, 0x00000000e6500000| Untracked 
| 102|0x00000000e6600000, 0x00000000e6600000, 0x00000000e6700000|  0%| F|  |TAMS 0x00000000e6600000, 0x00000000e6600000| Untracked 
| 103|0x00000000e6700000, 0x00000000e6700000, 0x00000000e6800000|  0%| F|  |TAMS 0x00000000e6700000, 0x00000000e6700000| Untracked 
| 104|0x00000000e6800000, 0x00000000e6800000, 0x00000000e6900000|  0%| F|  |TAMS 0x00000000e6800000, 0x00000000e6800000| Untracked 
| 105|0x00000000e6900000, 0x00000000e6900000, 0x00000000e6a00000|  0%| F|  |TAMS 0x00000000e6900000, 0x00000000e6900000| Untracked 
| 106|0x00000000e6a00000, 0x00000000e6a00000, 0x00000000e6b00000|  0%| F|  |TAMS 0x00000000e6a00000, 0x00000000e6a00000| Untracked 
| 107|0x00000000e6b00000, 0x00000000e6b00000, 0x00000000e6c00000|  0%| F|  |TAMS 0x00000000e6b00000, 0x00000000e6b00000| Untracked 
| 108|0x00000000e6c00000, 0x00000000e6c00000, 0x00000000e6d00000|  0%| F|  |TAMS 0x00000000e6c00000, 0x00000000e6c00000| Untracked 
| 109|0x00000000e6d00000, 0x00000000e6d00000, 0x00000000e6e00000|  0%| F|  |TAMS 0x00000000e6d00000, 0x00000000e6d00000| Untracked 
| 110|0x00000000e6e00000, 0x00000000e6e00000, 0x00000000e6f00000|  0%| F|  |TAMS 0x00000000e6e00000, 0x00000000e6e00000| Untracked 
| 111|0x00000000e6f00000, 0x00000000e6f00000, 0x00000000e7000000|  0%| F|  |TAMS 0x00000000e6f00000, 0x00000000e6f00000| Untracked 
| 112|0x00000000e7000000, 0x00000000e7000000, 0x00000000e7100000|  0%| F|  |TAMS 0x00000000e7000000, 0x00000000e7000000| Untracked 
| 113|0x00000000e7100000, 0x00000000e7100000, 0x00000000e7200000|  0%| F|  |TAMS 0x00000000e7100000, 0x00000000e7100000| Untracked 
| 114|0x00000000e7200000, 0x00000000e72a5cb0, 0x00000000e7300000| 64%| S|CS|TAMS 0x00000000e7200000, 0x00000000e7200000| Complete 
| 115|0x00000000e7300000, 0x00000000e7400000, 0x00000000e7400000|100%| S|CS|TAMS 0x00000000e7300000, 0x00000000e7300000| Complete 
| 116|0x00000000e7400000, 0x00000000e7500000, 0x00000000e7500000|100%| S|CS|TAMS 0x00000000e7400000, 0x00000000e7400000| Complete 
| 117|0x00000000e7500000, 0x00000000e7600000, 0x00000000e7600000|100%| S|CS|TAMS 0x00000000e7500000, 0x00000000e7500000| Complete 
| 118|0x00000000e7600000, 0x00000000e7700000, 0x00000000e7700000|100%| S|CS|TAMS 0x00000000e7600000, 0x00000000e7600000| Complete 
| 119|0x00000000e7700000, 0x00000000e7800000, 0x00000000e7800000|100%| S|CS|TAMS 0x00000000e7700000, 0x00000000e7700000| Complete 
| 120|0x00000000e7800000, 0x00000000e7900000, 0x00000000e7900000|100%| S|CS|TAMS 0x00000000e7800000, 0x00000000e7800000| Complete 
| 121|0x00000000e7900000, 0x00000000e7a00000, 0x00000000e7a00000|100%| S|CS|TAMS 0x00000000e7900000, 0x00000000e7900000| Complete 
| 122|0x00000000e7a00000, 0x00000000e7b00000, 0x00000000e7b00000|100%| S|CS|TAMS 0x00000000e7a00000, 0x00000000e7a00000| Complete 
| 123|0x00000000e7b00000, 0x00000000e7c00000, 0x00000000e7c00000|100%| S|CS|TAMS 0x00000000e7b00000, 0x00000000e7b00000| Complete 
| 124|0x00000000e7c00000, 0x00000000e7d00000, 0x00000000e7d00000|100%| S|CS|TAMS 0x00000000e7c00000, 0x00000000e7c00000| Complete 
| 125|0x00000000e7d00000, 0x00000000e7e00000, 0x00000000e7e00000|100%| S|CS|TAMS 0x00000000e7d00000, 0x00000000e7d00000| Complete 
| 126|0x00000000e7e00000, 0x00000000e7f00000, 0x00000000e7f00000|100%| S|CS|TAMS 0x00000000e7e00000, 0x00000000e7e00000| Complete 
| 127|0x00000000e7f00000, 0x00000000e8000000, 0x00000000e8000000|100%| S|CS|TAMS 0x00000000e7f00000, 0x00000000e7f00000| Complete 
| 128|0x00000000e8000000, 0x00000000e8100000, 0x00000000e8100000|100%| S|CS|TAMS 0x00000000e8000000, 0x00000000e8000000| Complete 
| 129|0x00000000e8100000, 0x00000000e8200000, 0x00000000e8200000|100%| S|CS|TAMS 0x00000000e8100000, 0x00000000e8100000| Complete 
| 130|0x00000000e8200000, 0x00000000e8200000, 0x00000000e8300000|  0%| F|  |TAMS 0x00000000e8200000, 0x00000000e8200000| Untracked 
| 131|0x00000000e8300000, 0x00000000e8300000, 0x00000000e8400000|  0%| F|  |TAMS 0x00000000e8300000, 0x00000000e8300000| Untracked 
| 132|0x00000000e8400000, 0x00000000e8400000, 0x00000000e8500000|  0%| F|  |TAMS 0x00000000e8400000, 0x00000000e8400000| Untracked 
| 133|0x00000000e8500000, 0x00000000e8500000, 0x00000000e8600000|  0%| F|  |TAMS 0x00000000e8500000, 0x00000000e8500000| Untracked 
| 134|0x00000000e8600000, 0x00000000e8600000, 0x00000000e8700000|  0%| F|  |TAMS 0x00000000e8600000, 0x00000000e8600000| Untracked 
| 135|0x00000000e8700000, 0x00000000e8700000, 0x00000000e8800000|  0%| F|  |TAMS 0x00000000e8700000, 0x00000000e8700000| Untracked 
| 136|0x00000000e8800000, 0x00000000e8800000, 0x00000000e8900000|  0%| F|  |TAMS 0x00000000e8800000, 0x00000000e8800000| Untracked 
| 137|0x00000000e8900000, 0x00000000e8900000, 0x00000000e8a00000|  0%| F|  |TAMS 0x00000000e8900000, 0x00000000e8900000| Untracked 
| 138|0x00000000e8a00000, 0x00000000e8a00000, 0x00000000e8b00000|  0%| F|  |TAMS 0x00000000e8a00000, 0x00000000e8a00000| Untracked 
| 139|0x00000000e8b00000, 0x00000000e8b00000, 0x00000000e8c00000|  0%| F|  |TAMS 0x00000000e8b00000, 0x00000000e8b00000| Untracked 
| 140|0x00000000e8c00000, 0x00000000e8c00000, 0x00000000e8d00000|  0%| F|  |TAMS 0x00000000e8c00000, 0x00000000e8c00000| Untracked 
| 141|0x00000000e8d00000, 0x00000000e8d00000, 0x00000000e8e00000|  0%| F|  |TAMS 0x00000000e8d00000, 0x00000000e8d00000| Untracked 
| 142|0x00000000e8e00000, 0x00000000e8e00000, 0x00000000e8f00000|  0%| F|  |TAMS 0x00000000e8e00000, 0x00000000e8e00000| Untracked 
| 143|0x00000000e8f00000, 0x00000000e8f00000, 0x00000000e9000000|  0%| F|  |TAMS 0x00000000e8f00000, 0x00000000e8f00000| Untracked 
| 144|0x00000000e9000000, 0x00000000e9000000, 0x00000000e9100000|  0%| F|  |TAMS 0x00000000e9000000, 0x00000000e9000000| Untracked 
| 145|0x00000000e9100000, 0x00000000e9100000, 0x00000000e9200000|  0%| F|  |TAMS 0x00000000e9100000, 0x00000000e9100000| Untracked 
| 146|0x00000000e9200000, 0x00000000e9200000, 0x00000000e9300000|  0%| F|  |TAMS 0x00000000e9200000, 0x00000000e9200000| Untracked 
| 147|0x00000000e9300000, 0x00000000e9300000, 0x00000000e9400000|  0%| F|  |TAMS 0x00000000e9300000, 0x00000000e9300000| Untracked 
| 148|0x00000000e9400000, 0x00000000e9400000, 0x00000000e9500000|  0%| F|  |TAMS 0x00000000e9400000, 0x00000000e9400000| Untracked 
| 149|0x00000000e9500000, 0x00000000e9500000, 0x00000000e9600000|  0%| F|  |TAMS 0x00000000e9500000, 0x00000000e9500000| Untracked 
| 150|0x00000000e9600000, 0x00000000e9600000, 0x00000000e9700000|  0%| F|  |TAMS 0x00000000e9600000, 0x00000000e9600000| Untracked 
| 151|0x00000000e9700000, 0x00000000e9700000, 0x00000000e9800000|  0%| F|  |TAMS 0x00000000e9700000, 0x00000000e9700000| Untracked 
| 152|0x00000000e9800000, 0x00000000e9800000, 0x00000000e9900000|  0%| F|  |TAMS 0x00000000e9800000, 0x00000000e9800000| Untracked 
| 153|0x00000000e9900000, 0x00000000e9900000, 0x00000000e9a00000|  0%| F|  |TAMS 0x00000000e9900000, 0x00000000e9900000| Untracked 
| 154|0x00000000e9a00000, 0x00000000e9a00000, 0x00000000e9b00000|  0%| F|  |TAMS 0x00000000e9a00000, 0x00000000e9a00000| Untracked 
| 155|0x00000000e9b00000, 0x00000000e9b00000, 0x00000000e9c00000|  0%| F|  |TAMS 0x00000000e9b00000, 0x00000000e9b00000| Untracked 
| 156|0x00000000e9c00000, 0x00000000e9c00000, 0x00000000e9d00000|  0%| F|  |TAMS 0x00000000e9c00000, 0x00000000e9c00000| Untracked 
| 157|0x00000000e9d00000, 0x00000000e9d00000, 0x00000000e9e00000|  0%| F|  |TAMS 0x00000000e9d00000, 0x00000000e9d00000| Untracked 
| 158|0x00000000e9e00000, 0x00000000e9e00000, 0x00000000e9f00000|  0%| F|  |TAMS 0x00000000e9e00000, 0x00000000e9e00000| Untracked 
| 159|0x00000000e9f00000, 0x00000000e9f00000, 0x00000000ea000000|  0%| F|  |TAMS 0x00000000e9f00000, 0x00000000e9f00000| Untracked 
| 160|0x00000000ea000000, 0x00000000ea000000, 0x00000000ea100000|  0%| F|  |TAMS 0x00000000ea000000, 0x00000000ea000000| Untracked 
| 161|0x00000000ea100000, 0x00000000ea100000, 0x00000000ea200000|  0%| F|  |TAMS 0x00000000ea100000, 0x00000000ea100000| Untracked 
| 162|0x00000000ea200000, 0x00000000ea200000, 0x00000000ea300000|  0%| F|  |TAMS 0x00000000ea200000, 0x00000000ea200000| Untracked 
| 163|0x00000000ea300000, 0x00000000ea300000, 0x00000000ea400000|  0%| F|  |TAMS 0x00000000ea300000, 0x00000000ea300000| Untracked 
| 164|0x00000000ea400000, 0x00000000ea400000, 0x00000000ea500000|  0%| F|  |TAMS 0x00000000ea400000, 0x00000000ea400000| Untracked 
| 165|0x00000000ea500000, 0x00000000ea500000, 0x00000000ea600000|  0%| F|  |TAMS 0x00000000ea500000, 0x00000000ea500000| Untracked 
| 166|0x00000000ea600000, 0x00000000ea600000, 0x00000000ea700000|  0%| F|  |TAMS 0x00000000ea600000, 0x00000000ea600000| Untracked 
| 167|0x00000000ea700000, 0x00000000ea700000, 0x00000000ea800000|  0%| F|  |TAMS 0x00000000ea700000, 0x00000000ea700000| Untracked 
| 168|0x00000000ea800000, 0x00000000ea800000, 0x00000000ea900000|  0%| F|  |TAMS 0x00000000ea800000, 0x00000000ea800000| Untracked 
| 169|0x00000000ea900000, 0x00000000ea900000, 0x00000000eaa00000|  0%| F|  |TAMS 0x00000000ea900000, 0x00000000ea900000| Untracked 
| 170|0x00000000eaa00000, 0x00000000eaa00000, 0x00000000eab00000|  0%| F|  |TAMS 0x00000000eaa00000, 0x00000000eaa00000| Untracked 
| 171|0x00000000eab00000, 0x00000000eab00000, 0x00000000eac00000|  0%| F|  |TAMS 0x00000000eab00000, 0x00000000eab00000| Untracked 
| 172|0x00000000eac00000, 0x00000000eac00000, 0x00000000ead00000|  0%| F|  |TAMS 0x00000000eac00000, 0x00000000eac00000| Untracked 
| 173|0x00000000ead00000, 0x00000000ead00000, 0x00000000eae00000|  0%| F|  |TAMS 0x00000000ead00000, 0x00000000ead00000| Untracked 
| 174|0x00000000eae00000, 0x00000000eae00000, 0x00000000eaf00000|  0%| F|  |TAMS 0x00000000eae00000, 0x00000000eae00000| Untracked 
| 175|0x00000000eaf00000, 0x00000000eaf00000, 0x00000000eb000000|  0%| F|  |TAMS 0x00000000eaf00000, 0x00000000eaf00000| Untracked 
| 176|0x00000000eb000000, 0x00000000eb000000, 0x00000000eb100000|  0%| F|  |TAMS 0x00000000eb000000, 0x00000000eb000000| Untracked 
| 177|0x00000000eb100000, 0x00000000eb100000, 0x00000000eb200000|  0%| F|  |TAMS 0x00000000eb100000, 0x00000000eb100000| Untracked 
| 178|0x00000000eb200000, 0x00000000eb200000, 0x00000000eb300000|  0%| F|  |TAMS 0x00000000eb200000, 0x00000000eb200000| Untracked 
| 179|0x00000000eb300000, 0x00000000eb300000, 0x00000000eb400000|  0%| F|  |TAMS 0x00000000eb300000, 0x00000000eb300000| Untracked 
| 180|0x00000000eb400000, 0x00000000eb400000, 0x00000000eb500000|  0%| F|  |TAMS 0x00000000eb400000, 0x00000000eb400000| Untracked 
| 181|0x00000000eb500000, 0x00000000eb500000, 0x00000000eb600000|  0%| F|  |TAMS 0x00000000eb500000, 0x00000000eb500000| Untracked 
| 182|0x00000000eb600000, 0x00000000eb600000, 0x00000000eb700000|  0%| F|  |TAMS 0x00000000eb600000, 0x00000000eb600000| Untracked 
| 183|0x00000000eb700000, 0x00000000eb700000, 0x00000000eb800000|  0%| F|  |TAMS 0x00000000eb700000, 0x00000000eb700000| Untracked 
| 184|0x00000000eb800000, 0x00000000eb900000, 0x00000000eb900000|100%| E|  |TAMS 0x00000000eb800000, 0x00000000eb800000| Complete 
| 185|0x00000000eb900000, 0x00000000eba00000, 0x00000000eba00000|100%| E|CS|TAMS 0x00000000eb900000, 0x00000000eb900000| Complete 
| 186|0x00000000eba00000, 0x00000000ebb00000, 0x00000000ebb00000|100%| E|CS|TAMS 0x00000000eba00000, 0x00000000eba00000| Complete 
| 187|0x00000000ebb00000, 0x00000000ebc00000, 0x00000000ebc00000|100%| E|CS|TAMS 0x00000000ebb00000, 0x00000000ebb00000| Complete 
| 188|0x00000000ebc00000, 0x00000000ebd00000, 0x00000000ebd00000|100%| E|CS|TAMS 0x00000000ebc00000, 0x00000000ebc00000| Complete 
| 189|0x00000000ebd00000, 0x00000000ebe00000, 0x00000000ebe00000|100%| E|CS|TAMS 0x00000000ebd00000, 0x00000000ebd00000| Complete 
| 190|0x00000000ebe00000, 0x00000000ebf00000, 0x00000000ebf00000|100%| E|CS|TAMS 0x00000000ebe00000, 0x00000000ebe00000| Complete 
| 191|0x00000000ebf00000, 0x00000000ec000000, 0x00000000ec000000|100%| E|CS|TAMS 0x00000000ebf00000, 0x00000000ebf00000| Complete 
| 192|0x00000000ec000000, 0x00000000ec100000, 0x00000000ec100000|100%| E|CS|TAMS 0x00000000ec000000, 0x00000000ec000000| Complete 
| 193|0x00000000ec100000, 0x00000000ec200000, 0x00000000ec200000|100%| E|CS|TAMS 0x00000000ec100000, 0x00000000ec100000| Complete 
| 194|0x00000000ec200000, 0x00000000ec300000, 0x00000000ec300000|100%| E|CS|TAMS 0x00000000ec200000, 0x00000000ec200000| Complete 
| 195|0x00000000ec300000, 0x00000000ec400000, 0x00000000ec400000|100%| E|CS|TAMS 0x00000000ec300000, 0x00000000ec300000| Complete 
| 196|0x00000000ec400000, 0x00000000ec500000, 0x00000000ec500000|100%| E|CS|TAMS 0x00000000ec400000, 0x00000000ec400000| Complete 
| 197|0x00000000ec500000, 0x00000000ec600000, 0x00000000ec600000|100%| E|CS|TAMS 0x00000000ec500000, 0x00000000ec500000| Complete 
| 198|0x00000000ec600000, 0x00000000ec700000, 0x00000000ec700000|100%| E|CS|TAMS 0x00000000ec600000, 0x00000000ec600000| Complete 
| 199|0x00000000ec700000, 0x00000000ec800000, 0x00000000ec800000|100%| E|CS|TAMS 0x00000000ec700000, 0x00000000ec700000| Complete 
| 200|0x00000000ec800000, 0x00000000ec900000, 0x00000000ec900000|100%| E|CS|TAMS 0x00000000ec800000, 0x00000000ec800000| Complete 
| 201|0x00000000ec900000, 0x00000000eca00000, 0x00000000eca00000|100%| E|CS|TAMS 0x00000000ec900000, 0x00000000ec900000| Complete 
| 202|0x00000000eca00000, 0x00000000ecb00000, 0x00000000ecb00000|100%| E|CS|TAMS 0x00000000eca00000, 0x00000000eca00000| Complete 
| 203|0x00000000ecb00000, 0x00000000ecc00000, 0x00000000ecc00000|100%| E|CS|TAMS 0x00000000ecb00000, 0x00000000ecb00000| Complete 
| 204|0x00000000ecc00000, 0x00000000ecd00000, 0x00000000ecd00000|100%| E|CS|TAMS 0x00000000ecc00000, 0x00000000ecc00000| Complete 
| 205|0x00000000ecd00000, 0x00000000ece00000, 0x00000000ece00000|100%| E|CS|TAMS 0x00000000ecd00000, 0x00000000ecd00000| Complete 
| 206|0x00000000ece00000, 0x00000000ecf00000, 0x00000000ecf00000|100%| E|CS|TAMS 0x00000000ece00000, 0x00000000ece00000| Complete 
| 207|0x00000000ecf00000, 0x00000000ed000000, 0x00000000ed000000|100%| E|CS|TAMS 0x00000000ecf00000, 0x00000000ecf00000| Complete 
| 208|0x00000000ed000000, 0x00000000ed100000, 0x00000000ed100000|100%| E|CS|TAMS 0x00000000ed000000, 0x00000000ed000000| Complete 
| 209|0x00000000ed100000, 0x00000000ed200000, 0x00000000ed200000|100%| E|CS|TAMS 0x00000000ed100000, 0x00000000ed100000| Complete 
| 210|0x00000000ed200000, 0x00000000ed300000, 0x00000000ed300000|100%| E|CS|TAMS 0x00000000ed200000, 0x00000000ed200000| Complete 
| 211|0x00000000ed300000, 0x00000000ed400000, 0x00000000ed400000|100%| E|CS|TAMS 0x00000000ed300000, 0x00000000ed300000| Complete 
| 212|0x00000000ed400000, 0x00000000ed500000, 0x00000000ed500000|100%| E|CS|TAMS 0x00000000ed400000, 0x00000000ed400000| Complete 
| 213|0x00000000ed500000, 0x00000000ed600000, 0x00000000ed600000|100%| E|CS|TAMS 0x00000000ed500000, 0x00000000ed500000| Complete 
| 214|0x00000000ed600000, 0x00000000ed700000, 0x00000000ed700000|100%| E|CS|TAMS 0x00000000ed600000, 0x00000000ed600000| Complete 
| 215|0x00000000ed700000, 0x00000000ed800000, 0x00000000ed800000|100%| E|CS|TAMS 0x00000000ed700000, 0x00000000ed700000| Complete 
| 216|0x00000000ed800000, 0x00000000ed900000, 0x00000000ed900000|100%| E|CS|TAMS 0x00000000ed800000, 0x00000000ed800000| Complete 
| 217|0x00000000ed900000, 0x00000000eda00000, 0x00000000eda00000|100%| E|CS|TAMS 0x00000000ed900000, 0x00000000ed900000| Complete 
| 218|0x00000000eda00000, 0x00000000edb00000, 0x00000000edb00000|100%| E|CS|TAMS 0x00000000eda00000, 0x00000000eda00000| Complete 
| 219|0x00000000edb00000, 0x00000000edc00000, 0x00000000edc00000|100%| E|CS|TAMS 0x00000000edb00000, 0x00000000edb00000| Complete 
| 220|0x00000000edc00000, 0x00000000edd00000, 0x00000000edd00000|100%| E|CS|TAMS 0x00000000edc00000, 0x00000000edc00000| Complete 
| 221|0x00000000edd00000, 0x00000000ede00000, 0x00000000ede00000|100%| E|CS|TAMS 0x00000000edd00000, 0x00000000edd00000| Complete 
| 222|0x00000000ede00000, 0x00000000edf00000, 0x00000000edf00000|100%| E|CS|TAMS 0x00000000ede00000, 0x00000000ede00000| Complete 
| 223|0x00000000edf00000, 0x00000000ee000000, 0x00000000ee000000|100%| E|CS|TAMS 0x00000000edf00000, 0x00000000edf00000| Complete 
| 224|0x00000000ee000000, 0x00000000ee100000, 0x00000000ee100000|100%| E|CS|TAMS 0x00000000ee000000, 0x00000000ee000000| Complete 
| 225|0x00000000ee100000, 0x00000000ee1ff9b0, 0x00000000ee200000| 99%| E|  |TAMS 0x00000000ee100000, 0x00000000ee100000| Complete 
| 226|0x00000000ee200000, 0x00000000ee300000, 0x00000000ee300000|100%| E|CS|TAMS 0x00000000ee200000, 0x00000000ee200000| Complete 
| 227|0x00000000ee300000, 0x00000000ee400000, 0x00000000ee400000|100%| E|CS|TAMS 0x00000000ee300000, 0x00000000ee300000| Complete 
| 228|0x00000000ee400000, 0x00000000ee500000, 0x00000000ee500000|100%| E|CS|TAMS 0x00000000ee400000, 0x00000000ee400000| Complete 
| 229|0x00000000ee500000, 0x00000000ee600000, 0x00000000ee600000|100%| E|CS|TAMS 0x00000000ee500000, 0x00000000ee500000| Complete 
| 230|0x00000000ee600000, 0x00000000ee700000, 0x00000000ee700000|100%| E|CS|TAMS 0x00000000ee600000, 0x00000000ee600000| Complete 
| 231|0x00000000ee700000, 0x00000000ee800000, 0x00000000ee800000|100%| E|CS|TAMS 0x00000000ee700000, 0x00000000ee700000| Complete 
| 232|0x00000000ee800000, 0x00000000ee900000, 0x00000000ee900000|100%| E|CS|TAMS 0x00000000ee800000, 0x00000000ee800000| Complete 
| 233|0x00000000ee900000, 0x00000000eea00000, 0x00000000eea00000|100%| E|CS|TAMS 0x00000000ee900000, 0x00000000ee900000| Complete 
| 234|0x00000000eea00000, 0x00000000eeb00000, 0x00000000eeb00000|100%| E|CS|TAMS 0x00000000eea00000, 0x00000000eea00000| Complete 
| 235|0x00000000eeb00000, 0x00000000eec00000, 0x00000000eec00000|100%| E|CS|TAMS 0x00000000eeb00000, 0x00000000eeb00000| Complete 
| 236|0x00000000eec00000, 0x00000000eed00000, 0x00000000eed00000|100%| E|CS|TAMS 0x00000000eec00000, 0x00000000eec00000| Complete 
| 237|0x00000000eed00000, 0x00000000eee00000, 0x00000000eee00000|100%| E|CS|TAMS 0x00000000eed00000, 0x00000000eed00000| Complete 
| 238|0x00000000eee00000, 0x00000000eef00000, 0x00000000eef00000|100%| E|CS|TAMS 0x00000000eee00000, 0x00000000eee00000| Complete 
| 239|0x00000000eef00000, 0x00000000ef000000, 0x00000000ef000000|100%| E|CS|TAMS 0x00000000eef00000, 0x00000000eef00000| Complete 
| 240|0x00000000ef000000, 0x00000000ef100000, 0x00000000ef100000|100%| E|CS|TAMS 0x00000000ef000000, 0x00000000ef000000| Complete 
| 241|0x00000000ef100000, 0x00000000ef200000, 0x00000000ef200000|100%| E|CS|TAMS 0x00000000ef100000, 0x00000000ef100000| Complete 
| 242|0x00000000ef200000, 0x00000000ef300000, 0x00000000ef300000|100%| E|CS|TAMS 0x00000000ef200000, 0x00000000ef200000| Complete 
| 243|0x00000000ef300000, 0x00000000ef400000, 0x00000000ef400000|100%| E|CS|TAMS 0x00000000ef300000, 0x00000000ef300000| Complete 
| 244|0x00000000ef400000, 0x00000000ef500000, 0x00000000ef500000|100%| E|CS|TAMS 0x00000000ef400000, 0x00000000ef400000| Complete 
| 245|0x00000000ef500000, 0x00000000ef600000, 0x00000000ef600000|100%| E|CS|TAMS 0x00000000ef500000, 0x00000000ef500000| Complete 
| 246|0x00000000ef600000, 0x00000000ef700000, 0x00000000ef700000|100%| E|CS|TAMS 0x00000000ef600000, 0x00000000ef600000| Complete 
| 247|0x00000000ef700000, 0x00000000ef800000, 0x00000000ef800000|100%| E|CS|TAMS 0x00000000ef700000, 0x00000000ef700000| Complete 
| 248|0x00000000ef800000, 0x00000000ef900000, 0x00000000ef900000|100%| E|CS|TAMS 0x00000000ef800000, 0x00000000ef800000| Complete 
| 249|0x00000000ef900000, 0x00000000efa00000, 0x00000000efa00000|100%| E|CS|TAMS 0x00000000ef900000, 0x00000000ef900000| Complete 
| 250|0x00000000efa00000, 0x00000000efb00000, 0x00000000efb00000|100%| E|CS|TAMS 0x00000000efa00000, 0x00000000efa00000| Complete 
| 251|0x00000000efb00000, 0x00000000efc00000, 0x00000000efc00000|100%| E|CS|TAMS 0x00000000efb00000, 0x00000000efb00000| Complete 
| 252|0x00000000efc00000, 0x00000000efd00000, 0x00000000efd00000|100%| E|CS|TAMS 0x00000000efc00000, 0x00000000efc00000| Complete 
| 253|0x00000000efd00000, 0x00000000efe00000, 0x00000000efe00000|100%| E|CS|TAMS 0x00000000efd00000, 0x00000000efd00000| Complete 
| 254|0x00000000efe00000, 0x00000000eff00000, 0x00000000eff00000|100%| E|CS|TAMS 0x00000000efe00000, 0x00000000efe00000| Complete 
| 255|0x00000000eff00000, 0x00000000f0000000, 0x00000000f0000000|100%| E|CS|TAMS 0x00000000eff00000, 0x00000000eff00000| Complete 

Card table byte_map: [0x000001cccda00000,0x000001cccdb00000] _byte_map_base: 0x000001cccd300000

Marking Bits (Prev, Next): (CMBitMap*) 0x000001ccb4b9f130, (CMBitMap*) 0x000001ccb4b9f170
 Prev Bits: [0x000001cccdc00000, 0x000001ccce400000)
 Next Bits: [0x000001ccce400000, 0x000001cccec00000)

Polling page: 0x000001ccb4c30000

Metaspace:

Usage:
  Non-class:     36.66 MB used.
      Class:      6.01 MB used.
       Both:     42.67 MB used.

Virtual space:
  Non-class space:       64.00 MB reserved,      36.88 MB ( 58%) committed,  1 nodes.
      Class space:      320.00 MB reserved,       6.19 MB (  2%) committed,  1 nodes.
             Both:      384.00 MB reserved,      43.06 MB ( 11%) committed. 

Chunk freelists:
   Non-Class:  11.07 MB
       Class:  9.76 MB
        Both:  20.83 MB

MaxMetaspaceSize: 384.00 MB
CompressedClassSpaceSize: 320.00 MB
Initial GC threshold: 21.00 MB
Current GC threshold: 58.69 MB
CDS: on
MetaspaceReclaimPolicy: balanced
 - commit_granule_bytes: 65536.
 - commit_granule_words: 8192.
 - virtual_space_node_default_size: 8388608.
 - enlarge_chunks_in_place: 1.
 - new_chunks_are_fully_committed: 0.
 - uncommit_free_chunks: 1.
 - use_allocation_guard: 0.
 - handle_deallocations: 1.


Internal statistics:

num_allocs_failed_limit: 6.
num_arena_births: 484.
num_arena_deaths: 0.
num_vsnodes_births: 2.
num_vsnodes_deaths: 0.
num_space_committed: 689.
num_space_uncommitted: 0.
num_chunks_returned_to_freelist: 6.
num_chunks_taken_from_freelist: 2192.
num_chunk_merges: 6.
num_chunk_splits: 1444.
num_chunks_enlarged: 1018.
num_inconsistent_stats: 0.

CodeHeap 'non-profiled nmethods': size=120000Kb used=2206Kb max_used=3085Kb free=117793Kb
 bounds [0x000001ccc5970000, 0x000001ccc5c80000, 0x000001ccccea0000]
CodeHeap 'profiled nmethods': size=120000Kb used=7719Kb max_used=9668Kb free=112280Kb
 bounds [0x000001ccbdea0000, 0x000001ccbe820000, 0x000001ccc53d0000]
CodeHeap 'non-nmethods': size=5760Kb used=2320Kb max_used=2375Kb free=3440Kb
 bounds [0x000001ccc53d0000, 0x000001ccc5640000, 0x000001ccc5970000]
 total_blobs=4770 nmethods=3934 adapters=748
 compilation: enabled
              stopped_count=0, restarted_count=0
 full_count=0

Compilation events (20 events):
Event: 21.543 Thread 0x000001ccd16492b0 nmethod 4702 0x000001ccbdeff690 code [0x000001ccbdeff840, 0x000001ccbdeffb78]
Event: 21.573 Thread 0x000001ccd16492b0 4705       3       com.google.common.cache.LocalCache$Segment::getEntry (73 bytes)
Event: 21.575 Thread 0x000001ccd16492b0 nmethod 4705 0x000001ccbdea1f10 code [0x000001ccbdea2200, 0x000001ccbdea3418]
Event: 21.576 Thread 0x000001ccd16492b0 4706       3       com.google.common.cache.LocalCache$Segment::getFirst (21 bytes)
Event: 21.577 Thread 0x000001ccd16492b0 nmethod 4706 0x000001ccbdf06e10 code [0x000001ccbdf070a0, 0x000001ccbdf07d68]
Event: 21.643 Thread 0x000001ccd1648150 nmethod 4697 0x000001ccc5a13f90 code [0x000001ccc5a14260, 0x000001ccc5a16428]
Event: 21.643 Thread 0x000001ccd1648150 4701       4       jdk.internal.org.objectweb.asm.ClassReader::readUtf (161 bytes)
Event: 21.664 Thread 0x000001ccd1648150 nmethod 4701 0x000001ccc5ae4910 code [0x000001ccc5ae4aa0, 0x000001ccc5ae5238]
Event: 21.664 Thread 0x000001ccd1648150 4703       4       java.security.SecureClassLoader$CodeSourceKey::equals (60 bytes)
Event: 21.665 Thread 0x000001ccd16492b0 4713       3       sun.invoke.util.VerifyAccess$1::<init> (15 bytes)
Event: 21.665 Thread 0x000001ccd16492b0 nmethod 4713 0x000001ccbdebb090 code [0x000001ccbdebb240, 0x000001ccbdebb458]
Event: 21.665 Thread 0x000001ccd16492b0 4714       3       sun.invoke.util.VerifyAccess$1::run (5 bytes)
Event: 21.666 Thread 0x000001ccd16492b0 nmethod 4714 0x000001ccbdf5fb10 code [0x000001ccbdf5fcc0, 0x000001ccbdf5fec8]
Event: 21.668 Thread 0x000001ccd1648150 nmethod 4703 0x000001ccc5ae7990 code [0x000001ccc5ae7b20, 0x000001ccc5ae7e18]
Event: 21.668 Thread 0x000001ccd1648150 4704       4       java.security.CodeSource::matchCerts (254 bytes)
Event: 21.670 Thread 0x000001ccd1648150 nmethod 4704 0x000001ccc5a7ac10 code [0x000001ccc5a7ada0, 0x000001ccc5a7aed8]
Event: 21.682 Thread 0x000001ccd1648150 4716       4       jdk.internal.org.objectweb.asm.AnnotationWriter::putAnnotations (67 bytes)
Event: 21.684 Thread 0x000001ccd1648150 nmethod 4716 0x000001ccc5b5a690 code [0x000001ccc5b5a820, 0x000001ccc5b5a978]
Event: 21.715 Thread 0x000001ccd16492b0 4717       1       com.google.common.cache.CacheBuilder$OneWeigher::weigh (2 bytes)
Event: 21.715 Thread 0x000001ccd16492b0 nmethod 4717 0x000001ccc5a13c90 code [0x000001ccc5a13e20, 0x000001ccc5a13ef8]

GC Heap History (10 events):
Event: 1.905 GC heap before
{Heap before GC invocations=0 (full 0):
 garbage-first heap   total 262144K, used 22528K [0x00000000e0000000, 0x0000000100000000)
  region size 1024K, 23 young (23552K), 0 survivors (0K)
 Metaspace       used 1120K, committed 1280K, reserved 393216K
  class space    used 78K, committed 128K, reserved 327680K
}
Event: 1.910 GC heap after
{Heap after GC invocations=1 (full 0):
 garbage-first heap   total 262144K, used 4563K [0x00000000e0000000, 0x0000000100000000)
  region size 1024K, 3 young (3072K), 3 survivors (3072K)
 Metaspace       used 1120K, committed 1280K, reserved 393216K
  class space    used 78K, committed 128K, reserved 327680K
}
Event: 3.652 GC heap before
{Heap before GC invocations=1 (full 0):
 garbage-first heap   total 262144K, used 39379K [0x00000000e0000000, 0x0000000100000000)
  region size 1024K, 33 young (33792K), 3 survivors (3072K)
 Metaspace       used 4370K, committed 4544K, reserved 393216K
  class space    used 545K, committed 640K, reserved 327680K
}
Event: 3.659 GC heap after
{Heap after GC invocations=2 (full 0):
 garbage-first heap   total 262144K, used 12315K [0x00000000e0000000, 0x0000000100000000)
  region size 1024K, 4 young (4096K), 4 survivors (4096K)
 Metaspace       used 4370K, committed 4544K, reserved 393216K
  class space    used 545K, committed 640K, reserved 327680K
}
Event: 4.704 GC heap before
{Heap before GC invocations=2 (full 0):
 garbage-first heap   total 262144K, used 58395K [0x00000000e0000000, 0x0000000100000000)
  region size 1024K, 47 young (48128K), 4 survivors (4096K)
 Metaspace       used 4664K, committed 4864K, reserved 393216K
  class space    used 588K, committed 704K, reserved 327680K
}
Event: 4.709 GC heap after
{Heap after GC invocations=3 (full 0):
 garbage-first heap   total 262144K, used 17804K [0x00000000e0000000, 0x0000000100000000)
  region size 1024K, 5 young (5120K), 5 survivors (5120K)
 Metaspace       used 4664K, committed 4864K, reserved 393216K
  class space    used 588K, committed 704K, reserved 327680K
}
Event: 11.039 GC heap before
{Heap before GC invocations=3 (full 0):
 garbage-first heap   total 262144K, used 124300K [0x00000000e0000000, 0x0000000100000000)
  region size 1024K, 110 young (112640K), 5 survivors (5120K)
 Metaspace       used 21140K, committed 21504K, reserved 393216K
  class space    used 3087K, committed 3264K, reserved 327680K
}
Event: 11.065 GC heap after
{Heap after GC invocations=4 (full 0):
 garbage-first heap   total 262144K, used 25315K [0x00000000e0000000, 0x0000000100000000)
  region size 1024K, 12 young (12288K), 12 survivors (12288K)
 Metaspace       used 21140K, committed 21504K, reserved 393216K
  class space    used 3087K, committed 3264K, reserved 327680K
}
Event: 17.889 GC heap before
{Heap before GC invocations=5 (full 0):
 garbage-first heap   total 262144K, used 145123K [0x00000000e0000000, 0x0000000100000000)
  region size 1024K, 126 young (129024K), 12 survivors (12288K)
 Metaspace       used 35524K, committed 35968K, reserved 393216K
  class space    used 4952K, committed 5184K, reserved 327680K
}
Event: 17.916 GC heap after
{Heap after GC invocations=6 (full 0):
 garbage-first heap   total 262144K, used 33716K [0x00000000e0000000, 0x0000000100000000)
  region size 1024K, 16 young (16384K), 16 survivors (16384K)
 Metaspace       used 35524K, committed 35968K, reserved 393216K
  class space    used 4952K, committed 5184K, reserved 327680K
}

Dll operation events (15 events):
Event: 0.067 Loaded shared library D:\eclipse down\bin\java.dll
Event: 0.519 Loaded shared library D:\eclipse down\bin\jsvml.dll
Event: 0.648 Loaded shared library D:\eclipse down\bin\zip.dll
Event: 0.659 Loaded shared library D:\eclipse down\bin\instrument.dll
Event: 0.667 Loaded shared library D:\eclipse down\bin\net.dll
Event: 0.671 Loaded shared library D:\eclipse down\bin\nio.dll
Event: 0.675 Loaded shared library D:\eclipse down\bin\zip.dll
Event: 1.461 Loaded shared library D:\eclipse down\bin\jimage.dll
Event: 2.067 Loaded shared library D:\eclipse down\bin\verify.dll
Event: 2.742 Loaded shared library C:\Users\USER\.gradle\native\c067742578af261105cb4f569cf0c3c89f3d7b1fecec35dd04571415982c5e48\windows-amd64\native-platform.dll
Event: 2.794 Loaded shared library C:\Users\USER\.gradle\native\100fb08df4bc3b14c8652ba06237920a3bd2aa13389f12d3474272988ae205f9\windows-amd64\native-platform-file-events.dll
Event: 5.139 Loaded shared library D:\eclipse down\bin\management.dll
Event: 5.142 Loaded shared library D:\eclipse down\bin\management_ext.dll
Event: 5.613 Loaded shared library D:\eclipse down\bin\extnet.dll
Event: 6.564 Loaded shared library D:\eclipse down\bin\sunmscapi.dll

Deoptimization events (20 events):
Event: 19.834 Thread 0x000001ccebeddf90 Uncommon trap: trap_request=0xffffffc6 fr.pc=0x000001ccc5ae7d74 relative=0x0000000000000234
Event: 19.834 Thread 0x000001ccebeddf90 Uncommon trap: reason=bimorphic_or_optimized_type_check action=maybe_recompile pc=0x000001ccc5ae7d74 method=com.google.common.base.CharMatcher.indexIn(Ljava/lang/CharSequence;I)I @ 31 c2
Event: 19.834 Thread 0x000001ccebeddf90 DEOPT PACKING pc=0x000001ccc5ae7d74 sp=0x0000001681ff7950
Event: 19.834 Thread 0x000001ccebeddf90 DEOPT UNPACKING pc=0x000001ccc54269a3 sp=0x0000001681ff78f8 mode 2
Event: 20.026 Thread 0x000001ccebeddf90 Uncommon trap: trap_request=0xffffffc6 fr.pc=0x000001ccc5ae7d74 relative=0x0000000000000234
Event: 20.026 Thread 0x000001ccebeddf90 Uncommon trap: reason=bimorphic_or_optimized_type_check action=maybe_recompile pc=0x000001ccc5ae7d74 method=com.google.common.base.CharMatcher.indexIn(Ljava/lang/CharSequence;I)I @ 31 c2
Event: 20.026 Thread 0x000001ccebeddf90 DEOPT PACKING pc=0x000001ccc5ae7d74 sp=0x0000001681ff92b0
Event: 20.026 Thread 0x000001ccebeddf90 DEOPT UNPACKING pc=0x000001ccc54269a3 sp=0x0000001681ff9258 mode 2
Event: 20.247 Thread 0x000001ccebeddf90 DEOPT PACKING pc=0x000001ccbe2bf7a3 sp=0x0000001681ff75e0
Event: 20.247 Thread 0x000001ccebeddf90 DEOPT UNPACKING pc=0x000001ccc5427143 sp=0x0000001681ff6a50 mode 0
Event: 21.151 Thread 0x000001ccebeddf90 Uncommon trap: trap_request=0xffffffcc fr.pc=0x000001ccc5be8b0c relative=0x000000000000572c
Event: 21.151 Thread 0x000001ccebeddf90 Uncommon trap: reason=intrinsic_or_type_checked_inlining action=make_not_entrant pc=0x000001ccc5be8b0c method=java.util.ArrayList$SubList.toArray([Ljava/lang/Object;)[Ljava/lang/Object; @ 58 c2
Event: 21.151 Thread 0x000001ccebeddf90 DEOPT PACKING pc=0x000001ccc5be8b0c sp=0x0000001681ff79b0
Event: 21.151 Thread 0x000001ccebeddf90 DEOPT UNPACKING pc=0x000001ccc54269a3 sp=0x0000001681ff7908 mode 2
Event: 21.525 Thread 0x000001ccebeddf90 DEOPT PACKING pc=0x000001ccbe2bf7a3 sp=0x0000001681ff6620
Event: 21.525 Thread 0x000001ccebeddf90 DEOPT UNPACKING pc=0x000001ccc5427143 sp=0x0000001681ff5a90 mode 0
Event: 21.668 Thread 0x000001ccebeddf90 Uncommon trap: trap_request=0xffffffde fr.pc=0x000001ccc5aba88c relative=0x00000000000002ec
Event: 21.668 Thread 0x000001ccebeddf90 Uncommon trap: reason=class_check action=maybe_recompile pc=0x000001ccc5aba88c method=java.util.Collections$SetFromMap.remove(Ljava/lang/Object;)Z @ 5 c2
Event: 21.668 Thread 0x000001ccebeddf90 DEOPT PACKING pc=0x000001ccc5aba88c sp=0x0000001681ff8b10
Event: 21.668 Thread 0x000001ccebeddf90 DEOPT UNPACKING pc=0x000001ccc54269a3 sp=0x0000001681ff8af8 mode 2

Classes unloaded (0 events):
No events

Classes redefined (0 events):
No events

Internal exceptions (20 events):
Event: 19.754 Thread 0x000001ccebeddf90 Exception <a 'java/lang/ClassNotFoundException'{0x00000000edb90468}: org/gradle/api/internal/project/ProjectScriptBeanInfo> (0x00000000edb90468) 
thrown [s\src\hotspot\share\classfile\systemDictionary.cpp, line 256]
Event: 19.755 Thread 0x000001ccebeddf90 Exception <a 'java/lang/ClassNotFoundException'{0x00000000edb9b098}: org/gradle/api/internal/project/ProjectScriptCustomizer> (0x00000000edb9b098) 
thrown [s\src\hotspot\share\classfile\systemDictionary.cpp, line 256]
Event: 19.757 Thread 0x000001ccebeddf90 Exception <a 'java/lang/ClassNotFoundException'{0x00000000edbb3190}: build_7ipqlu9n8iyn79kinyels3spyCustomizer> (0x00000000edbb3190) 
thrown [s\src\hotspot\share\classfile\systemDictionary.cpp, line 256]
Event: 19.773 Thread 0x000001ccebeddf90 Exception <a 'java/lang/ClassNotFoundException'{0x00000000eda18f70}: org/gradle/internal/metaobject/ConfigureDelegateBeanInfo> (0x00000000eda18f70) 
thrown [s\src\hotspot\share\classfile\systemDictionary.cpp, line 256]
Event: 19.775 Thread 0x000001ccebeddf90 Exception <a 'java/lang/ClassNotFoundException'{0x00000000eda28c88}: org/gradle/internal/metaobject/ConfigureDelegateCustomizer> (0x00000000eda28c88) 
thrown [s\src\hotspot\share\classfile\systemDictionary.cpp, line 256]
Event: 19.799 Thread 0x000001ccebeddf90 Exception <a 'java/lang/ClassNotFoundException'{0x00000000edad75b0}: org/gradle/plugin/use/internal/PluginRequestCollector$PluginDependenciesSpecImplBeanInfo> (0x00000000edad75b0) 
thrown [s\src\hotspot\share\classfile\systemDictionary.cpp, line 256]
Event: 19.801 Thread 0x000001ccebeddf90 Exception <a 'java/lang/ClassNotFoundException'{0x00000000edae8698}: org/gradle/plugin/use/internal/PluginRequestCollector$PluginDependenciesSpecImplCustomizer> (0x00000000edae8698) 
thrown [s\src\hotspot\share\classfile\systemDictionary.cpp, line 256]
Event: 19.830 Thread 0x000001ccebeddf90 Exception <a 'java/lang/ClassNotFoundException'{0x00000000ed936d90}: org/gradle/plugin/use/internal/PluginRequestCollector$PluginDependencySpecImplBeanInfo> (0x00000000ed936d90) 
thrown [s\src\hotspot\share\classfile\systemDictionary.cpp, line 256]
Event: 19.832 Thread 0x000001ccebeddf90 Exception <a 'java/lang/ClassNotFoundException'{0x00000000ed948028}: org/gradle/plugin/use/internal/PluginRequestCollector$PluginDependencySpecImplCustomizer> (0x00000000ed948028) 
thrown [s\src\hotspot\share\classfile\systemDictionary.cpp, line 256]
Event: 20.619 Thread 0x000001ccebeddf90 Exception <a 'java/lang/NoSuchMethodError'{0x00000000ecc0f078}: 'java.lang.Object java.lang.invoke.DirectMethodHandle$Holder.newInvokeSpecial(java.lang.Object, int, java.lang.Object)'> (0x00000000ecc0f078) 
thrown [s\src\hotspot\share\interpreter\linkResolver.cpp, line 759]
Event: 21.022 Thread 0x000001ccebeddf90 Exception <a 'java/lang/NoSuchMethodError'{0x00000000ec6d4bd8}: 'java.lang.Object java.lang.invoke.DirectMethodHandle$Holder.newInvokeSpecial(java.lang.Object, java.lang.Object, java.lang.Object, int)'> (0x00000000ec6d4bd8) 
thrown [s\src\hotspot\share\interpreter\linkResolver.cpp, line 759]
Event: 21.023 Thread 0x000001ccebeddf90 Exception <a 'java/lang/NoSuchMethodError'{0x00000000ec6d9d00}: 'java.lang.Object java.lang.invoke.DirectMethodHandle$Holder.invokeSpecial(java.lang.Object, java.lang.Object, java.lang.Object, java.lang.Object, int)'> (0x00000000ec6d9d00) 
thrown [s\src\hotspot\share\interpreter\linkResolver.cpp, line 759]
Event: 21.023 Thread 0x000001ccebeddf90 Exception <a 'java/lang/NoSuchMethodError'{0x00000000ec6de610}: 'java.lang.Object java.lang.invoke.Invokers$Holder.linkToTargetMethod(java.lang.Object, java.lang.Object, int, java.lang.Object)'> (0x00000000ec6de610) 
thrown [s\src\hotspot\share\interpreter\linkResolver.cpp, line 759]
Event: 21.202 Thread 0x000001ccebeddf90 Exception <a 'java/lang/NoSuchMethodError'{0x00000000ec355ea8}: 'int java.lang.invoke.DirectMethodHandle$Holder.invokeSpecialIFC(java.lang.Object, java.lang.Object, java.lang.Object)'> (0x00000000ec355ea8) 
thrown [s\src\hotspot\share\interpreter\linkResolver.cpp, line 759]
Event: 21.579 Thread 0x000001ccebeddf90 Exception <a 'java/lang/NoSuchMethodError'{0x00000000ebf74980}: 'java.lang.Object java.lang.invoke.DirectMethodHandle$Holder.newInvokeSpecial(java.lang.Object, java.lang.Object, java.lang.Object, java.lang.Object, int)'> (0x00000000ebf74980) 
thrown [s\src\hotspot\share\interpreter\linkResolver.cpp, line 759]
Event: 21.580 Thread 0x000001ccebeddf90 Exception <a 'java/lang/NoSuchMethodError'{0x00000000ebf79ca8}: 'java.lang.Object java.lang.invoke.DirectMethodHandle$Holder.invokeSpecial(java.lang.Object, java.lang.Object, java.lang.Object, java.lang.Object, java.lang.Object, int)'> (0x00000000ebf79ca8) 
thrown [s\src\hotspot\share\interpreter\linkResolver.cpp, line 759]
Event: 21.580 Thread 0x000001ccebeddf90 Exception <a 'java/lang/NoSuchMethodError'{0x00000000ebf7e980}: 'java.lang.Object java.lang.invoke.Invokers$Holder.linkToTargetMethod(java.lang.Object, java.lang.Object, java.lang.Object, int, java.lang.Object)'> (0x00000000ebf7e980) 
thrown [s\src\hotspot\share\interpreter\linkResolver.cpp, line 759]
Event: 21.613 Thread 0x000001ccebeddf90 Exception <a 'java/lang/NoSuchMethodError'{0x00000000ebfdd668}: 'java.lang.Object java.lang.invoke.DirectMethodHandle$Holder.invokeSpecial(java.lang.Object, java.lang.Object, java.lang.Object, java.lang.Object, java.lang.Object, long)'> (0x00000000ebfdd668) 
thrown [s\src\hotspot\share\interpreter\linkResolver.cpp, line 759]
Event: 21.619 Thread 0x000001ccebeddf90 Exception <a 'java/lang/NoSuchMethodError'{0x00000000ebe074d8}: 'void java.lang.invoke.DirectMethodHandle$Holder.invokeStatic(java.lang.Object, java.lang.Object, java.lang.Object, int, java.lang.Object)'> (0x00000000ebe074d8) 
thrown [s\src\hotspot\share\interpreter\linkResolver.cpp, line 759]
Event: 21.676 Thread 0x000001ccebeddf90 Exception <a 'java/lang/NoSuchMethodError'{0x00000000ebd7e750}: 'int java.lang.invoke.DirectMethodHandle$Holder.invokeInterface(java.lang.Object, java.lang.Object, java.lang.Object, java.lang.Object, java.lang.Object)'> (0x00000000ebd7e750) 
thrown [s\src\hotspot\share\interpreter\linkResolver.cpp, line 759]

VM Operations (20 events):
Event: 17.962 Executing VM operation: G1PauseCleanup
Event: 17.962 Executing VM operation: G1PauseCleanup done
Event: 18.501 Executing VM operation: HandshakeAllThreads
Event: 18.501 Executing VM operation: HandshakeAllThreads done
Event: 18.561 Executing VM operation: HandshakeAllThreads
Event: 18.561 Executing VM operation: HandshakeAllThreads done
Event: 19.059 Executing VM operation: HandshakeAllThreads
Event: 19.059 Executing VM operation: HandshakeAllThreads done
Event: 19.059 Executing VM operation: Cleanup
Event: 19.059 Executing VM operation: Cleanup done
Event: 20.070 Executing VM operation: Cleanup
Event: 20.070 Executing VM operation: Cleanup done
Event: 21.080 Executing VM operation: Cleanup
Event: 21.081 Executing VM operation: Cleanup done
Event: 21.422 Executing VM operation: HandshakeAllThreads
Event: 21.422 Executing VM operation: HandshakeAllThreads done
Event: 21.498 Executing VM operation: HandshakeAllThreads
Event: 21.498 Executing VM operation: HandshakeAllThreads done
Event: 21.642 Executing VM operation: HandshakeAllThreads
Event: 21.643 Executing VM operation: HandshakeAllThreads done

Events (20 events):
Event: 21.654 Thread 0x000001ccd1655ff0 flushing nmethod 0x000001ccbe61d690
Event: 21.654 Thread 0x000001ccd1655ff0 flushing nmethod 0x000001ccbe61f290
Event: 21.654 Thread 0x000001ccd1655ff0 flushing nmethod 0x000001ccbe620e10
Event: 21.654 Thread 0x000001ccd1655ff0 flushing nmethod 0x000001ccbe63d490
Event: 21.654 Thread 0x000001ccd1655ff0 flushing nmethod 0x000001ccbe64f890
Event: 21.654 Thread 0x000001ccd1655ff0 flushing nmethod 0x000001ccbe664f90
Event: 21.654 Thread 0x000001ccd1655ff0 flushing nmethod 0x000001ccbe667f10
Event: 21.654 Thread 0x000001ccd1655ff0 flushing nmethod 0x000001ccbe682010
Event: 21.654 Thread 0x000001ccd1655ff0 flushing nmethod 0x000001ccbe698a10
Event: 21.655 Thread 0x000001ccd1655ff0 flushing nmethod 0x000001ccbe75d290
Event: 21.655 Thread 0x000001ccd1655ff0 flushing nmethod 0x000001ccbe75e610
Event: 21.655 Thread 0x000001ccd1655ff0 flushing nmethod 0x000001ccbe766490
Event: 21.655 Thread 0x000001ccd1655ff0 flushing nmethod 0x000001ccbe774110
Event: 21.655 Thread 0x000001ccd1655ff0 flushing nmethod 0x000001ccbe778e90
Event: 21.655 Thread 0x000001ccd1655ff0 flushing nmethod 0x000001ccbe77c990
Event: 21.655 Thread 0x000001ccd1655ff0 flushing nmethod 0x000001ccbe77cd90
Event: 21.655 Thread 0x000001ccd1655ff0 flushing nmethod 0x000001ccbe77d690
Event: 21.655 Thread 0x000001ccd1655ff0 flushing nmethod 0x000001ccbe77db90
Event: 21.655 Thread 0x000001ccd1655ff0 flushing nmethod 0x000001ccbe77e810
Event: 21.655 Thread 0x000001ccd1655ff0 flushing nmethod 0x000001ccbe789f90


Dynamic libraries:
0x00007ff6d0550000 - 0x00007ff6d055e000 	D:\eclipse down\bin\java.exe
0x00007ffb0f350000 - 0x00007ffb0f548000 	C:\WINDOWS\SYSTEM32\ntdll.dll
0x00007ffb0e030000 - 0x00007ffb0e0f1000 	C:\WINDOWS\System32\KERNEL32.DLL
0x00007ffb0ca30000 - 0x00007ffb0cd26000 	C:\WINDOWS\System32\KERNELBASE.dll
0x00007ffb0d0c0000 - 0x00007ffb0d1c0000 	C:\WINDOWS\System32\ucrtbase.dll
0x00007ffaf7510000 - 0x00007ffaf7527000 	D:\eclipse down\bin\jli.dll
0x00007ffaf1b80000 - 0x00007ffaf1b9b000 	D:\eclipse down\bin\VCRUNTIME140.dll
0x00007ffb0e540000 - 0x00007ffb0e6df000 	C:\WINDOWS\System32\USER32.dll
0x00007ffaf39a0000 - 0x00007ffaf3c3a000 	C:\WINDOWS\WinSxS\amd64_microsoft.windows.common-controls_6595b64144ccf1df_6.0.19041.4355_none_60b8b9eb71f62e16\COMCTL32.dll
0x00007ffb0cea0000 - 0x00007ffb0cec2000 	C:\WINDOWS\System32\win32u.dll
0x00007ffb0e6e0000 - 0x00007ffb0e70b000 	C:\WINDOWS\System32\GDI32.dll
0x00007ffb0e1d0000 - 0x00007ffb0e26e000 	C:\WINDOWS\System32\msvcrt.dll
0x00007ffb0d1c0000 - 0x00007ffb0d2d7000 	C:\WINDOWS\System32\gdi32full.dll
0x00007ffb0d2e0000 - 0x00007ffb0d37d000 	C:\WINDOWS\System32\msvcp_win.dll
0x00007ffb0d380000 - 0x00007ffb0d3af000 	C:\WINDOWS\System32\IMM32.DLL
0x00007ffaf8540000 - 0x00007ffaf854c000 	D:\eclipse down\bin\vcruntime140_1.dll
0x00007ffaedc10000 - 0x00007ffaedc9e000 	D:\eclipse down\bin\msvcp140.dll
0x00007ffa9be70000 - 0x00007ffa9cad4000 	D:\eclipse down\bin\server\jvm.dll
0x00007ffb0da30000 - 0x00007ffb0dae0000 	C:\WINDOWS\System32\ADVAPI32.dll
0x00007ffb0db40000 - 0x00007ffb0dbe0000 	C:\WINDOWS\System32\sechost.dll
0x00007ffb0d490000 - 0x00007ffb0d5b3000 	C:\WINDOWS\System32\RPCRT4.dll
0x00007ffb0ca00000 - 0x00007ffb0ca27000 	C:\WINDOWS\System32\bcrypt.dll
0x00007ffb0c840000 - 0x00007ffb0c88b000 	C:\WINDOWS\SYSTEM32\POWRPROF.dll
0x00007ffaf75a0000 - 0x00007ffaf75c7000 	C:\WINDOWS\SYSTEM32\WINMM.dll
0x00007ffafdc90000 - 0x00007ffafdc99000 	C:\WINDOWS\SYSTEM32\WSOCK32.dll
0x00007ffb06100000 - 0x00007ffb0610a000 	C:\WINDOWS\SYSTEM32\VERSION.dll
0x00007ffb0e270000 - 0x00007ffb0e2db000 	C:\WINDOWS\System32\WS2_32.dll
0x00007ffb0c820000 - 0x00007ffb0c832000 	C:\WINDOWS\SYSTEM32\UMPDC.dll
0x00007ffb0b4e0000 - 0x00007ffb0b4f2000 	C:\WINDOWS\SYSTEM32\kernel.appcore.dll
0x00007ffaf8420000 - 0x00007ffaf842a000 	D:\eclipse down\bin\jimage.dll
0x00007ffb0add0000 - 0x00007ffb0afb4000 	C:\WINDOWS\SYSTEM32\DBGHELP.DLL
0x00007ffb0ad60000 - 0x00007ffb0ad94000 	C:\WINDOWS\SYSTEM32\dbgcore.DLL
0x00007ffb0ced0000 - 0x00007ffb0cf52000 	C:\WINDOWS\System32\bcryptPrimitives.dll
0x00007ffaf8370000 - 0x00007ffaf837e000 	D:\eclipse down\bin\instrument.dll
0x00007ffaf1780000 - 0x00007ffaf17a5000 	D:\eclipse down\bin\java.dll
0x00007ffad7030000 - 0x00007ffad7107000 	D:\eclipse down\bin\jsvml.dll
0x00007ffb0eba0000 - 0x00007ffb0f30c000 	C:\WINDOWS\System32\SHELL32.dll
0x00007ffb0a4c0000 - 0x00007ffb0ac5e000 	C:\WINDOWS\SYSTEM32\windows.storage.dll
0x00007ffb0e790000 - 0x00007ffb0eae3000 	C:\WINDOWS\System32\combase.dll
0x00007ffb0c350000 - 0x00007ffb0c37e000 	C:\WINDOWS\SYSTEM32\Wldp.dll
0x00007ffb0df50000 - 0x00007ffb0e01d000 	C:\WINDOWS\System32\OLEAUT32.dll
0x00007ffb0eaf0000 - 0x00007ffb0eb9d000 	C:\WINDOWS\System32\SHCORE.dll
0x00007ffb0e170000 - 0x00007ffb0e1c5000 	C:\WINDOWS\System32\shlwapi.dll
0x00007ffb0c930000 - 0x00007ffb0c954000 	C:\WINDOWS\SYSTEM32\profapi.dll
0x00007ffaf1760000 - 0x00007ffaf1778000 	D:\eclipse down\bin\zip.dll
0x00007ffaf11a0000 - 0x00007ffaf11b9000 	D:\eclipse down\bin\net.dll
0x00007ffb0a220000 - 0x00007ffb0a32a000 	C:\WINDOWS\SYSTEM32\WINHTTP.dll
0x00007ffb0c0b0000 - 0x00007ffb0c11a000 	C:\WINDOWS\system32\mswsock.dll
0x00007ffaf1180000 - 0x00007ffaf1196000 	D:\eclipse down\bin\nio.dll
0x00007ffaf8030000 - 0x00007ffaf8040000 	D:\eclipse down\bin\verify.dll
0x00007ffaf8380000 - 0x00007ffaf83a7000 	C:\Users\USER\.gradle\native\c067742578af261105cb4f569cf0c3c89f3d7b1fecec35dd04571415982c5e48\windows-amd64\native-platform.dll
0x00007ffacde30000 - 0x00007ffacdf74000 	C:\Users\USER\.gradle\native\100fb08df4bc3b14c8652ba06237920a3bd2aa13389f12d3474272988ae205f9\windows-amd64\native-platform-file-events.dll
0x00007ffaf7380000 - 0x00007ffaf738a000 	D:\eclipse down\bin\management.dll
0x00007ffaf6490000 - 0x00007ffaf649b000 	D:\eclipse down\bin\management_ext.dll
0x00007ffb0e020000 - 0x00007ffb0e028000 	C:\WINDOWS\System32\PSAPI.DLL
0x00007ffb0c2b0000 - 0x00007ffb0c2c8000 	C:\WINDOWS\SYSTEM32\CRYPTSP.dll
0x00007ffb0b9d0000 - 0x00007ffb0ba04000 	C:\WINDOWS\system32\rsaenh.dll
0x00007ffb0c8a0000 - 0x00007ffb0c8ce000 	C:\WINDOWS\SYSTEM32\USERENV.dll
0x00007ffb0c2a0000 - 0x00007ffb0c2ac000 	C:\WINDOWS\SYSTEM32\CRYPTBASE.dll
0x00007ffb0bd90000 - 0x00007ffb0bdcb000 	C:\WINDOWS\SYSTEM32\IPHLPAPI.DLL
0x00007ffb0e360000 - 0x00007ffb0e368000 	C:\WINDOWS\System32\NSI.dll
0x00007ffb053b0000 - 0x00007ffb053c7000 	C:\WINDOWS\SYSTEM32\dhcpcsvc6.DLL
0x00007ffb04fa0000 - 0x00007ffb04fbd000 	C:\WINDOWS\SYSTEM32\dhcpcsvc.DLL
0x00007ffb0bdd0000 - 0x00007ffb0be9a000 	C:\WINDOWS\SYSTEM32\DNSAPI.dll
0x00007ffaf3020000 - 0x00007ffaf3029000 	D:\eclipse down\bin\extnet.dll
0x00007ffaf21a0000 - 0x00007ffaf21ae000 	D:\eclipse down\bin\sunmscapi.dll
0x00007ffb0cf60000 - 0x00007ffb0d0be000 	C:\WINDOWS\System32\CRYPT32.dll
0x00007ffb0c3c0000 - 0x00007ffb0c3e9000 	C:\WINDOWS\SYSTEM32\ncrypt.dll
0x00007ffb0c380000 - 0x00007ffb0c3bb000 	C:\WINDOWS\SYSTEM32\NTASN1.dll
0x00007ffb06230000 - 0x00007ffb06237000 	C:\WINDOWS\system32\wshunix.dll

dbghelp: loaded successfully - version: 4.0.5 - missing functions: none
symbol engine: initialized successfully - sym options: 0x614 - pdb path: .;D:\eclipse down\bin;C:\WINDOWS\SYSTEM32;C:\WINDOWS\WinSxS\amd64_microsoft.windows.common-controls_6595b64144ccf1df_6.0.19041.4355_none_60b8b9eb71f62e16;D:\eclipse down\bin\server;C:\Users\USER\.gradle\native\c067742578af261105cb4f569cf0c3c89f3d7b1fecec35dd04571415982c5e48\windows-amd64;C:\Users\USER\.gradle\native\100fb08df4bc3b14c8652ba06237920a3bd2aa13389f12d3474272988ae205f9\windows-amd64

VM Arguments:
jvm_args: --add-opens=java.base/java.util=ALL-UNNAMED --add-opens=java.base/java.lang=ALL-UNNAMED --add-opens=java.base/java.lang.invoke=ALL-UNNAMED --add-opens=java.prefs/java.util.prefs=ALL-UNNAMED --add-exports=jdk.compiler/com.sun.tools.javac.api=ALL-UNNAMED --add-exports=jdk.compiler/com.sun.tools.javac.util=ALL-UNNAMED --add-opens=java.base/java.nio.charset=ALL-UNNAMED --add-opens=java.base/java.net=ALL-UNNAMED --add-opens=java.base/java.util.concurrent.atomic=ALL-UNNAMED -XX:MaxMetaspaceSize=384m -XX:+HeapDumpOnOutOfMemoryError -Xms256m -Xmx512m -Dfile.encoding=UTF-8 -Duser.country=KR -Duser.language=ko -Duser.variant -javaagent:C:\Users\USER\.gradle\wrapper\dists\gradle-8.10.1-bin\e90i968nv55tch01zkse4avv3\gradle-8.10.1\lib\agents\gradle-instrumentation-agent-8.10.1.jar 
java_command: org.gradle.launcher.daemon.bootstrap.GradleDaemon 8.10.1
java_class_path (initial): C:\Users\USER\.gradle\wrapper\dists\gradle-8.10.1-bin\e90i968nv55tch01zkse4avv3\gradle-8.10.1\lib\gradle-daemon-main-8.10.1.jar
Launcher Type: SUN_STANDARD

[Global flags]
     intx CICompilerCount                          = 4                                         {product} {ergonomic}
   size_t CompressedClassSpaceSize                 = 335544320                                 {product} {ergonomic}
     uint ConcGCThreads                            = 2                                         {product} {ergonomic}
     uint G1ConcRefinementThreads                  = 8                                         {product} {ergonomic}
   size_t G1HeapRegionSize                         = 1048576                                   {product} {ergonomic}
    uintx GCDrainStackTargetSize                   = 64                                        {product} {ergonomic}
     bool HeapDumpOnOutOfMemoryError               = true                                   {manageable} {command line}
   size_t InitialHeapSize                          = 268435456                                 {product} {command line}
   size_t MarkStackSize                            = 4194304                                   {product} {ergonomic}
   size_t MaxHeapSize                              = 536870912                                 {product} {command line}
   size_t MaxMetaspaceSize                         = 402653184                                 {product} {command line}
   size_t MaxNewSize                               = 321912832                                 {product} {ergonomic}
   size_t MinHeapDeltaBytes                        = 1048576                                   {product} {ergonomic}
   size_t MinHeapSize                              = 268435456                                 {product} {command line}
    uintx NonNMethodCodeHeapSize                   = 5839372                                {pd product} {ergonomic}
    uintx NonProfiledCodeHeapSize                  = 122909434                              {pd product} {ergonomic}
    uintx ProfiledCodeHeapSize                     = 122909434                              {pd product} {ergonomic}
    uintx ReservedCodeCacheSize                    = 251658240                              {pd product} {ergonomic}
     bool SegmentedCodeCache                       = true                                      {product} {ergonomic}
   size_t SoftMaxHeapSize                          = 536870912                              {manageable} {ergonomic}
     bool UseCompressedClassPointers               = true                           {product lp64_product} {ergonomic}
     bool UseCompressedOops                        = true                           {product lp64_product} {ergonomic}
     bool UseG1GC                                  = true                                      {product} {ergonomic}
     bool UseLargePagesIndividualAllocation        = false                                  {pd product} {ergonomic}

Logging:
Log output configuration:
 #0: stdout all=warning uptime,level,tags
 #1: stderr all=off uptime,level,tags

Environment Variables:
JAVA_HOME=D:\32bit_jdk17
PATH=D:\eclipse down\bin\;C:\Program Files (x86)\Common Files\Oracle\Java\javapath;C:\ProgramData\Oracle\Java\javapath;C:\WINDOWS\system32;C:\WINDOWS;C:\WINDOWS\System32\Wbem;C:\WINDOWS\System32\WindowsPowerShell\v1.0\;C:\WINDOWS\System32\OpenSSH\;C:\netcat-win32-1.11\netcat-1.11;C:\x86_64-8.1.0-release-win32-seh-rt_v6-rev0\bin;C:\MinGW\bin;D:\jdk11\openjdk-11+28_windows-x64_bin\jdk-11\bin;C:\Program Files\MySQL\MySQL Server 8.0\bin;D:\Git\cmd;C:\Program Files\Bandizip\;C:\Program Files\nodejs\;C:\ProgramData\chocolatey\bin;C:\Program Files\OpenSSL-Win64\bin;D:\mongodb-win32-x86_64-windows-4.4.4\bin;D:\spring_project_file\tomcat_32\apache-tomcat-10.1.20\bin;C:\Program Files\MySQL\MySQL Shell 8.0\bin\;C:\Users\USER\AppData\Local\Microsoft\WindowsApps;D:\Microsoft VS Code\bin;D:\intellij\IntelliJ IDEA 2023.3.6\bin;;C:\Users\USER\AppData\Roaming\npm;C:\Program Files\nodejs\;C:\Users\USER\AppData\Local\GitHubDesktop\bin
USERNAME=USER
OS=Windows_NT
PROCESSOR_IDENTIFIER=Intel64 Family 6 Model 142 Stepping 11, GenuineIntel
TMP=C:\Users\USER\AppData\Local\Temp
TEMP=C:\Users\USER\AppData\Local\Temp



Periodic native trim disabled


---------------  S Y S T E M  ---------------

OS:
 Windows 10 , 64 bit Build 19041 (10.0.19041.4597)
OS uptime: 5 days 0:26 hours

CPU: total 8 (initial active 8) (4 cores per cpu, 2 threads per core) family 6 model 142 stepping 11 microcode 0xae, cx8, cmov, fxsr, ht, mmx, 3dnowpref, sse, sse2, sse3, ssse3, sse4.1, sse4.2, popcnt, lzcnt, tsc, tscinvbit, avx, avx2, aes, erms, clmul, bmi1, bmi2, adx, fma, vzeroupper, clflush, clflushopt
Processor Information for processor 0
  Max Mhz: 1800, Current Mhz: 1400, Mhz Limit: 1584
Processor Information for processor 1
  Max Mhz: 1800, Current Mhz: 1400, Mhz Limit: 1584
Processor Information for processor 2
  Max Mhz: 1800, Current Mhz: 1600, Mhz Limit: 1584
Processor Information for processor 3
  Max Mhz: 1800, Current Mhz: 1400, Mhz Limit: 1584
Processor Information for processor 4
  Max Mhz: 1800, Current Mhz: 1400, Mhz Limit: 1584
Processor Information for processor 5
  Max Mhz: 1800, Current Mhz: 1400, Mhz Limit: 1584
Processor Information for processor 6
  Max Mhz: 1800, Current Mhz: 1400, Mhz Limit: 1584
Processor Information for processor 7
  Max Mhz: 1800, Current Mhz: 1600, Mhz Limit: 1584

Memory: 4k page, system-wide physical 7986M (625M free)
TotalPageFile size 15753M (AvailPageFile size 4M)
current process WorkingSet (physical memory assigned to process): 328M, peak: 337M
current process commit charge ("private bytes"): 467M, peak: 475M

vm_info: OpenJDK 64-Bit Server VM (17.0.10+13-LTS) for windows-amd64 JRE (17.0.10+13-LTS), built on Jan 12 2024 12:35:25 by "" with MS VC++ 17.1 (VS2022)

END.
